#
# A fatal error has been detected by the Java Runtime Environment:
#
#  EXCEPTION_ACCESS_VIOLATION (0xc0000005) at pc=0x00007ffdce92a469, pid=6820, tid=3296
#
# JRE version: OpenJDK Runtime Environment (11.0.10) (build 11.0.10+0-b96-7249189)
# Java VM: OpenJDK 64-Bit Server VM (11.0.10+0-b96-7249189, mixed mode, tiered, compressed oops, g1 gc, windows-amd64)
# Problematic frame:
# V  [jvm.dll+0x2da469]
#
# No core dump will be written. Minidumps are not enabled by default on client versions of Windows
#
# If you would like to submit a bug report, please visit:
#   https://bugreport.java.com/bugreport/crash.jsp
#

---------------  S U M M A R Y ------------

Command Line: --add-opens=java.base/java.util=ALL-UNNAMED --add-opens=java.base/java.lang=ALL-UNNAMED --add-opens=java.base/java.lang.invoke=ALL-UNNAMED --add-opens=java.prefs/java.util.prefs=ALL-UNNAMED -Xmx2048m -Dfile.encoding=UTF-8 -Duser.country=IN -Duser.language=en -Duser.variant org.gradle.launcher.daemon.bootstrap.GradleDaemon 6.7.1

Host: Intel(R) Core(TM) i5-5200U CPU @ 2.20GHz, 4 cores, 7G,  Windows 10 , 64 bit Build 19041 (10.0.19041.1348)
Time: Thu Jan  6 22:01:13 2022 India Standard Time elapsed time: 101.750811 seconds (0d 0h 1m 41s)

---------------  T H R E A D  ---------------

Current thread (0x0000012b375b6000):  ConcurrentGCThread "G1 Conc#0" [stack: 0x0000001a6ee00000,0x0000001a6ef00000] [id=3296]

Stack: [0x0000001a6ee00000,0x0000001a6ef00000],  sp=0x0000001a6eeff190,  free space=1020k
Native frames: (J=compiled Java code, j=interpreted, Vv=VM code, C=native code)
V  [jvm.dll+0x2da469]
V  [jvm.dll+0x2da396]
V  [jvm.dll+0x2d362d]
V  [jvm.dll+0x2d1aa1]
V  [jvm.dll+0x2dffcf]
V  [jvm.dll+0x2e1d8b]
V  [jvm.dll+0x2e395b]
V  [jvm.dll+0x2e2579]
V  [jvm.dll+0x2e6b46]
V  [jvm.dll+0x748da0]
V  [jvm.dll+0x6e3d45]
V  [jvm.dll+0x5ebe96]
C  [ucrtbase.dll+0x21bb2]
C  [KERNEL32.DLL+0x17034]
C  [ntdll.dll+0x52651]


siginfo: EXCEPTION_ACCESS_VIOLATION (0xc0000005), reading address 0x0000000000000160


Register to memory mapping:

RIP=0x00007ffdce92a469 jvm.dll
RAX=0x0000012b37593680 points into unknown readable memory: 0x0000000000000000 | 00 00 00 00 00 00 00 00
RBX=0x0000000000000008 is an unknown value
RCX=0x0000012b375ab060 points into unknown readable memory: 0x0000012b375b4000 | 00 40 5b 37 2b 01 00 00
RDX=0x0 is NULL
RSP=0x0000001a6eeff190 points into unknown readable memory: 0x0000000000000047 | 47 00 00 00 00 00 00 00
RBP=0x0000012b375ab060 points into unknown readable memory: 0x0000012b375b4000 | 00 40 5b 37 2b 01 00 00
RSI=0x0000001a6eeff388 points into unknown readable memory: 0x00007ffdcee6ef20 | 20 ef e6 ce fd 7f 00 00
RDI=0x0000000000000008 is an unknown value
R8 =0x0 is NULL
R9 =0x0000000000000008 is an unknown value
R10=0x0000012b375ab060 points into unknown readable memory: 0x0000012b375b4000 | 00 40 5b 37 2b 01 00 00
R11=0x0000012b4b2b0000 points into unknown readable memory: 0x0000000000000001 | 01 00 00 00 00 00 00 00
R12=0x000000000000000c is an unknown value
R13=0xaaaaaaaaaaaaaaab is an unknown value
R14=0x0 is NULL
R15=0x0000001a6eeff360 points into unknown readable memory: 0x0000012b375ab060 | 60 b0 5a 37 2b 01 00 00


Registers:
RAX=0x0000012b37593680, RBX=0x0000000000000008, RCX=0x0000012b375ab060, RDX=0x0000000000000000
RSP=0x0000001a6eeff190, RBP=0x0000012b375ab060, RSI=0x0000001a6eeff388, RDI=0x0000000000000008
R8 =0x0000000000000000, R9 =0x0000000000000008, R10=0x0000012b375ab060, R11=0x0000012b4b2b0000
R12=0x000000000000000c, R13=0xaaaaaaaaaaaaaaab, R14=0x0000000000000000, R15=0x0000001a6eeff360
RIP=0x00007ffdce92a469, EFLAGS=0x0000000000010206

Top of Stack: (sp=0x0000001a6eeff190)
0x0000001a6eeff190:   0000000000000047 0000000000000001
0x0000001a6eeff1a0:   0000000100030ac8 00007ffdce92a396
0x0000001a6eeff1b0:   0000012b375b6a01 00007ffdce92a396
0x0000001a6eeff1c0:   0000001a6eeff388 0000000084779dd0
0x0000001a6eeff1d0:   0000012b375bc1d0 0000001a6eeff388
0x0000001a6eeff1e0:   0000000000000000 00007ffdce9221ed
0x0000001a6eeff1f0:   0000000084779dcc 00007ffdce92362d
0x0000001a6eeff200:   0000000084779da8 0000000084779dc4
0x0000001a6eeff210:   0000001a6eeff360 0000012b375b6a01
0x0000001a6eeff220:   0000000100013f08 00007ffdce921aa1
0x0000001a6eeff230:   0000000000000005 0000000084779da8
0x0000001a6eeff240:   0000000084779d90 0000001a6eeff360
0x0000001a6eeff250:   0000000084779da8 00007ffdce92ffcf
0x0000001a6eeff260:   0000012b375bc1d0 0000000000900000
0x0000001a6eeff270:   0000001a6eeff360 0000000000000000
0x0000001a6eeff280:   0000000084779da8 00007ffdce931d8b 

Instructions: (pc=0x00007ffdce92a469)
0x00007ffdce92a369:   00 00 00 00 48 8b fa 4c 8b ca 49 8b 42 08 8b 53
0x00007ffdce92a379:   10 8b 88 c0 02 00 00 48 8b 80 b0 02 00 00 49 d3
0x00007ffdce92a389:   e8 49 8b ca 4e 8b 04 c0 e8 ba 00 00 00 84 c0 75
0x00007ffdce92a399:   0b 48 8b 5c 24 48 48 83 c4 30 5f c3 48 8b 43 20
0x00007ffdce92a3a9:   48 8b 88 d8 02 00 00 48 8b 83 98 00 00 00 48 85
0x00007ffdce92a3b9:   c0 74 0e 48 3b f8 72 0e 48 3b bb a0 00 00 00 72
0x00007ffdce92a3c9:   77 48 3b f9 73 72 80 3d c2 d1 71 00 00 74 15 8b
0x00007ffdce92a3d9:   47 08 8b 0d 37 47 6d 00 48 d3 e0 48 03 05 25 47
0x00007ffdce92a3e9:   6d 00 eb 04 48 8b 47 08 81 78 08 00 00 00 c0 72
0x00007ffdce92a3f9:   35 48 8b 83 b0 00 00 00 48 39 83 a8 00 00 00 73
0x00007ffdce92a409:   10 48 8b 83 c8 00 00 00 48 39 83 c0 00 00 00 72
0x00007ffdce92a419:   27 48 8b cb e8 0e a4 00 00 b0 01 48 8b 5c 24 48
0x00007ffdce92a429:   48 83 c4 30 5f c3 48 8d 54 24 40 48 89 7c 24 40
0x00007ffdce92a439:   48 8b cb e8 ff 18 00 00 b0 01 48 8b 5c 24 48 48
0x00007ffdce92a449:   83 c4 30 5f c3 cc cc 48 89 5c 24 18 48 89 6c 24
0x00007ffdce92a459:   20 41 56 48 83 ec 20 49 8b d9 44 8b f2 48 8b e9
0x00007ffdce92a469:   4d 3b 88 60 01 00 00 72 13 32 c0 48 8b 5c 24 40
0x00007ffdce92a479:   48 8b 6c 24 48 48 83 c4 20 41 5e c3 48 8b 81 90
0x00007ffdce92a489:   00 00 00 48 8b d3 48 89 74 24 30 48 2b 10 8b 48
0x00007ffdce92a499:   10 48 c1 ea 03 48 d3 ea 48 8d 48 18 e8 c6 38 e3
0x00007ffdce92a4a9:   ff 0f b6 f0 84 c0 74 6f 48 89 7c 24 38 48 8b 7c
0x00007ffdce92a4b9:   24 50 48 85 ff 75 2d 40 38 3d d1 d0 71 00 74 15
0x00007ffdce92a4c9:   8b 53 08 8b 0d 46 46 6d 00 48 d3 e2 48 03 15 34
0x00007ffdce92a4d9:   46 6d 00 eb 04 48 8b 53 08 48 8b cb e8 f6 24 eb
0x00007ffdce92a4e9:   ff 48 63 f8 48 8b 85 f0 02 00 00 8b 0d be d6 71
0x00007ffdce92a4f9:   00 4a 8b 14 f0 48 8b 42 18 48 8b 40 10 48 2b d8
0x00007ffdce92a509:   48 d3 eb 48 8d 4a 38 8b d3 e8 c9 e4 ff ff 48 01
0x00007ffdce92a519:   78 08 48 8b 7c 24 38 48 8b 5c 24 40 40 0f b6 c6
0x00007ffdce92a529:   48 8b 74 24 30 48 8b 6c 24 48 48 83 c4 20 41 5e
0x00007ffdce92a539:   c3 cc cc cc cc cc cc 4c 8b 81 b8 02 00 00 48 8b
0x00007ffdce92a549:   81 a8 02 00 00 8b 91 c0 02 00 00 49 03 c0 8b ca
0x00007ffdce92a559:   48 d3 e0 49 d3 e0 49 2b c0 48 83 e0 f8 c3 cc cc 


Stack slot to memory mapping:
stack at sp + 0 slots: 0x0000000000000047 is an unknown value
stack at sp + 1 slots: 0x0000000000000001 is an unknown value
stack at sp + 2 slots: 0x0000000100030ac8 is a pointer to class: 
java.lang.Enum {0x0000000100030ad0}
stack at sp + 3 slots: 0x00007ffdce92a396 jvm.dll
stack at sp + 4 slots: 0x0000012b375b6a01 points into unknown readable memory: 00 00 00 00 00 00 00
stack at sp + 5 slots: 0x00007ffdce92a396 jvm.dll
stack at sp + 6 slots: 0x0000001a6eeff388 points into unknown readable memory: 0x00007ffdcee6ef20 | 20 ef e6 ce fd 7f 00 00
stack at sp + 7 slots: 0x0000000084779dd0 is an oop: sun.reflect.generics.tree.SimpleClassTypeSignature 
{0x0000000084779dd0} - klass: 'sun/reflect/generics/tree/SimpleClassTypeSignature'


---------------  P R O C E S S  ---------------

Threads class SMR info:
_java_thread_list=0x0000012b59c2ae30, length=133, elements={
0x0000012b3756a800, 0x0000012b518ed800, 0x0000012b518f2000, 0x0000012b51908000,
0x0000012b51909000, 0x0000012b5190a800, 0x0000012b51917800, 0x0000012b5191c000,
0x0000012b5191f800, 0x0000012b523e5800, 0x0000012b53950000, 0x0000012b542ee800,
0x0000012b54767800, 0x0000012b5396b000, 0x0000012b537f8000, 0x0000012b52fc2800,
0x0000012b534d6800, 0x0000012b5257d000, 0x0000012b5456f000, 0x0000012b5456f800,
0x0000012b54572000, 0x0000012b54570800, 0x0000012b5456e000, 0x0000012b5456d800,
0x0000012b54571800, 0x0000012b5456c800, 0x0000012b54573000, 0x0000012b5425e000,
0x0000012b54260800, 0x0000012b5425f800, 0x0000012b54261800, 0x0000012b54262000,
0x0000012b54263000, 0x0000012b54264000, 0x0000012b54264800, 0x0000012b5425f000,
0x0000012b54268800, 0x0000012b54269800, 0x0000012b54265800, 0x0000012b5426a800,
0x0000012b5426b000, 0x0000012b54266000, 0x0000012b5426c000, 0x0000012b54267000,
0x0000012b5426c800, 0x0000012b54268000, 0x0000012b529a2000, 0x0000012b529a0800,
0x0000012b529a1000, 0x0000012b5299f800, 0x0000012b529a7000, 0x0000012b529a5000,
0x0000012b529a8800, 0x0000012b529a6000, 0x0000012b529a7800, 0x0000012b529a9800,
0x0000012b529aa000, 0x0000012b529a4800, 0x0000012b529ac800, 0x0000012b529ab800,
0x0000012b529ad800, 0x0000012b529ae000, 0x0000012b529ab000, 0x0000012b59743000,
0x0000012b59747000, 0x0000012b59744000, 0x0000012b59744800, 0x0000012b59748000,
0x0000012b59745800, 0x0000012b59746800, 0x0000012b59742000, 0x0000012b5974d800,
0x0000012b5974d000, 0x0000012b5974e800, 0x0000012b5974c000, 0x0000012b59749000,
0x0000012b5974f800, 0x0000012b59749800, 0x0000012b59750000, 0x0000012b5974b000,
0x0000012b5974a800, 0x0000012b59751000, 0x0000012b588ee000, 0x0000012b588ed000,
0x0000012b588ef800, 0x0000012b588f2000, 0x0000012b588f0800, 0x0000012b588f1000,
0x0000012b588ec800, 0x0000012b588f4800, 0x0000012b588f3000, 0x0000012b588f3800,
0x0000012b588ef000, 0x0000012b588f6000, 0x0000012b588f7800, 0x0000012b588f9800,
0x0000012b588f7000, 0x0000012b588f8800, 0x0000012b588fa000, 0x0000012b588fb000,
0x0000012b588f5800, 0x0000012b5c56f800, 0x0000012b5c56d000, 0x0000012b5c56c000,
0x0000012b5c570000, 0x0000012b5c56a800, 0x0000012b5c56e000, 0x0000012b5c56b800,
0x0000012b5c574800, 0x0000012b5c571000, 0x0000012b5c572000, 0x0000012b5c56e800,
0x0000012b5c575000, 0x0000012b5c576000, 0x0000012b5c577800, 0x0000012b5c578800,
0x0000012b5c576800, 0x0000012b5c573800, 0x0000012b5c572800, 0x0000012b5c579000,
0x0000012b5c55f800, 0x0000012b5c55b800, 0x0000012b5c560000, 0x0000012b5c55a800,
0x0000012b5c561000, 0x0000012b5c562000, 0x0000012b5c55e800, 0x0000012b5c55c000,
0x0000012b5c562800, 0x0000012b5c55e000, 0x0000012b5c563800, 0x0000012b5c566000,
0x0000012b5c567800
}

Java Threads: ( => current thread )
  0x0000012b3756a800 JavaThread "main" [_thread_blocked, id=6860, stack(0x0000001a6eb00000,0x0000001a6ec00000)]
  0x0000012b518ed800 JavaThread "Reference Handler" daemon [_thread_blocked, id=1456, stack(0x0000001a6f200000,0x0000001a6f300000)]
  0x0000012b518f2000 JavaThread "Finalizer" daemon [_thread_blocked, id=8760, stack(0x0000001a6f300000,0x0000001a6f400000)]
  0x0000012b51908000 JavaThread "Signal Dispatcher" daemon [_thread_blocked, id=724, stack(0x0000001a6f400000,0x0000001a6f500000)]
  0x0000012b51909000 JavaThread "Attach Listener" daemon [_thread_blocked, id=8244, stack(0x0000001a6f500000,0x0000001a6f600000)]
  0x0000012b5190a800 JavaThread "Service Thread" daemon [_thread_blocked, id=8684, stack(0x0000001a6f600000,0x0000001a6f700000)]
  0x0000012b51917800 JavaThread "C2 CompilerThread0" daemon [_thread_in_native, id=3488, stack(0x0000001a6f700000,0x0000001a6f800000)]
  0x0000012b5191c000 JavaThread "C1 CompilerThread0" daemon [_thread_blocked, id=5096, stack(0x0000001a6f800000,0x0000001a6f900000)]
  0x0000012b5191f800 JavaThread "Sweeper thread" daemon [_thread_blocked, id=4148, stack(0x0000001a6f900000,0x0000001a6fa00000)]
  0x0000012b523e5800 JavaThread "Common-Cleaner" daemon [_thread_blocked, id=556, stack(0x0000001a6fa00000,0x0000001a6fb00000)]
  0x0000012b53950000 JavaThread "Daemon health stats" [_thread_blocked, id=1960, stack(0x0000001a6ff00000,0x0000001a70000000)]
  0x0000012b542ee800 JavaThread "Incoming local TCP Connector on port 51979" [_thread_in_native, id=4208, stack(0x0000001a70100000,0x0000001a70200000)]
  0x0000012b54767800 JavaThread "Daemon periodic checks" [_thread_blocked, id=8100, stack(0x0000001a70200000,0x0000001a70300000)]
  0x0000012b5396b000 JavaThread "Daemon" [_thread_blocked, id=492, stack(0x0000001a70300000,0x0000001a70400000)]
  0x0000012b537f8000 JavaThread "Handler for socket connection from /127.0.0.1:51979 to /127.0.0.1:51980" [_thread_in_native, id=4856, stack(0x0000001a70400000,0x0000001a70500000)]
  0x0000012b52fc2800 JavaThread "Cancel handler" [_thread_blocked, id=1252, stack(0x0000001a70500000,0x0000001a70600000)]
  0x0000012b534d6800 JavaThread "Daemon worker" [_thread_blocked, id=8028, stack(0x0000001a70600000,0x0000001a70700000)]
  0x0000012b5257d000 JavaThread "Asynchronous log dispatcher for DefaultDaemonConnection: socket connection from /127.0.0.1:51979 to /127.0.0.1:51980" [_thread_blocked, id=4660, stack(0x0000001a70700000,0x0000001a70800000)]
  0x0000012b5456f000 JavaThread "Thread-8" [_thread_blocked, id=1228, stack(0x0000001a70900000,0x0000001a70a00000)]
  0x0000012b5456f800 JavaThread "Cache worker for file hash cache (C:\Users\PC\.gradle\caches\6.7.1\fileHashes)" [_thread_blocked, id=6064, stack(0x0000001a70b00000,0x0000001a70c00000)]
  0x0000012b54572000 JavaThread "File lock request listener" [_thread_in_native, id=1380, stack(0x0000001a70c00000,0x0000001a70d00000)]
  0x0000012b54570800 JavaThread "Cache worker for journal cache (C:\Users\PC\.gradle\caches\journal-1)" [_thread_blocked, id=5972, stack(0x0000001a70d00000,0x0000001a70e00000)]
  0x0000012b5456e000 JavaThread "Cache worker for file hash cache (D:\poojan project\Medicine finder 06-11-22\Medicinefinder\.gradle\6.7.1\fileHashes)" [_thread_blocked, id=1184, stack(0x0000001a70e00000,0x0000001a70f00000)]
  0x0000012b5456d800 JavaThread "jar transforms" [_thread_blocked, id=6332, stack(0x0000001a70f00000,0x0000001a71000000)]
  0x0000012b54571800 JavaThread "jar transforms Thread 2" [_thread_blocked, id=4080, stack(0x0000001a71000000,0x0000001a71100000)]
  0x0000012b5456c800 JavaThread "jar transforms Thread 3" [_thread_blocked, id=6524, stack(0x0000001a71100000,0x0000001a71200000)]
  0x0000012b54573000 JavaThread "jar transforms Thread 4" [_thread_blocked, id=2492, stack(0x0000001a71200000,0x0000001a71300000)]
  0x0000012b5425e000 JavaThread "jar transforms Thread 5" [_thread_blocked, id=1488, stack(0x0000001a71300000,0x0000001a71400000)]
  0x0000012b54260800 JavaThread "jar transforms Thread 6" [_thread_blocked, id=3768, stack(0x0000001a71400000,0x0000001a71500000)]
  0x0000012b5425f800 JavaThread "jar transforms Thread 7" [_thread_blocked, id=6360, stack(0x0000001a71500000,0x0000001a71600000)]
  0x0000012b54261800 JavaThread "jar transforms Thread 8" [_thread_blocked, id=7460, stack(0x0000001a71600000,0x0000001a71700000)]
  0x0000012b54262000 JavaThread "jar transforms Thread 9" [_thread_blocked, id=6220, stack(0x0000001a71700000,0x0000001a71800000)]
  0x0000012b54263000 JavaThread "jar transforms Thread 10" [_thread_blocked, id=7520, stack(0x0000001a71800000,0x0000001a71900000)]
  0x0000012b54264000 JavaThread "jar transforms Thread 11" [_thread_blocked, id=6692, stack(0x0000001a71900000,0x0000001a71a00000)]
  0x0000012b54264800 JavaThread "jar transforms Thread 12" [_thread_blocked, id=6216, stack(0x0000001a71a00000,0x0000001a71b00000)]
  0x0000012b5425f000 JavaThread "jar transforms Thread 13" [_thread_blocked, id=6872, stack(0x0000001a71b00000,0x0000001a71c00000)]
  0x0000012b54268800 JavaThread "jar transforms Thread 14" [_thread_blocked, id=6660, stack(0x0000001a71c00000,0x0000001a71d00000)]
  0x0000012b54269800 JavaThread "jar transforms Thread 15" [_thread_blocked, id=2844, stack(0x0000001a71d00000,0x0000001a71e00000)]
  0x0000012b54265800 JavaThread "jar transforms Thread 16" [_thread_blocked, id=9096, stack(0x0000001a71e00000,0x0000001a71f00000)]
  0x0000012b5426a800 JavaThread "jar transforms Thread 17" [_thread_blocked, id=7648, stack(0x0000001a71f00000,0x0000001a72000000)]
  0x0000012b5426b000 JavaThread "jar transforms Thread 18" [_thread_blocked, id=3180, stack(0x0000001a72000000,0x0000001a72100000)]
  0x0000012b54266000 JavaThread "jar transforms Thread 19" [_thread_blocked, id=2340, stack(0x0000001a72100000,0x0000001a72200000)]
  0x0000012b5426c000 JavaThread "jar transforms Thread 20" [_thread_blocked, id=716, stack(0x0000001a72200000,0x0000001a72300000)]
  0x0000012b54267000 JavaThread "Cache worker for checksums cache (D:\poojan project\Medicine finder 06-11-22\Medicinefinder\.gradle\checksums)" [_thread_blocked, id=5352, stack(0x0000001a72300000,0x0000001a72400000)]
  0x0000012b5426c800 JavaThread "Cache worker for cache directory md-supplier (C:\Users\PC\.gradle\caches\6.7.1\md-supplier)" [_thread_blocked, id=1524, stack(0x0000001a72400000,0x0000001a72500000)]
  0x0000012b54268000 JavaThread "Cache worker for cache directory md-rule (C:\Users\PC\.gradle\caches\6.7.1\md-rule)" [_thread_blocked, id=3076, stack(0x0000001a72500000,0x0000001a72600000)]
  0x0000012b529a2000 JavaThread "Cache worker for execution history cache (C:\Users\PC\.gradle\caches\6.7.1\executionHistory)" [_thread_blocked, id=6316, stack(0x0000001a72600000,0x0000001a72700000)]
  0x0000012b529a0800 JavaThread "Cache worker for file content cache (C:\Users\PC\.gradle\caches\6.7.1\fileContent)" [_thread_blocked, id=4968, stack(0x0000001a72700000,0x0000001a72800000)]
  0x0000012b529a1000 JavaThread "Cache worker for Build Output Cleanup Cache (D:\poojan project\Medicine finder 06-11-22\Medicinefinder\.gradle\buildOutputCleanup)" [_thread_blocked, id=6256, stack(0x0000001a72800000,0x0000001a72900000)]
  0x0000012b5299f800 JavaThread "Build operations" [_thread_blocked, id=6452, stack(0x0000001a72900000,0x0000001a72a00000)]
  0x0000012b529a7000 JavaThread "Build operations Thread 2" [_thread_blocked, id=2648, stack(0x0000001a72a00000,0x0000001a72b00000)]
  0x0000012b529a5000 JavaThread "Build operations Thread 3" [_thread_in_Java, id=1788, stack(0x0000001a72b00000,0x0000001a72c00000)]
  0x0000012b529a8800 JavaThread "Build operations Thread 4" [_thread_blocked, id=9148, stack(0x0000001a72c00000,0x0000001a72d00000)]
  0x0000012b529a6000 JavaThread "jar transforms Thread 21" [_thread_blocked, id=2484, stack(0x0000001a72e00000,0x0000001a72f00000)]
  0x0000012b529a7800 JavaThread "jar transforms Thread 22" [_thread_blocked, id=1800, stack(0x0000001a72f00000,0x0000001a73000000)]
  0x0000012b529a9800 JavaThread "jar transforms Thread 23" [_thread_blocked, id=7496, stack(0x0000001a73000000,0x0000001a73100000)]
  0x0000012b529aa000 JavaThread "jar transforms Thread 24" [_thread_blocked, id=9168, stack(0x0000001a73100000,0x0000001a73200000)]
  0x0000012b529a4800 JavaThread "jar transforms Thread 25" [_thread_blocked, id=5620, stack(0x0000001a73200000,0x0000001a73300000)]
  0x0000012b529ac800 JavaThread "jar transforms Thread 26" [_thread_blocked, id=7444, stack(0x0000001a73300000,0x0000001a73400000)]
  0x0000012b529ab800 JavaThread "jar transforms Thread 27" [_thread_blocked, id=5880, stack(0x0000001a73400000,0x0000001a73500000)]
  0x0000012b529ad800 JavaThread "jar transforms Thread 28" [_thread_blocked, id=9176, stack(0x0000001a73500000,0x0000001a73600000)]
  0x0000012b529ae000 JavaThread "jar transforms Thread 29" [_thread_blocked, id=8540, stack(0x0000001a73600000,0x0000001a73700000)]
  0x0000012b529ab000 JavaThread "jar transforms Thread 30" [_thread_blocked, id=2824, stack(0x0000001a73700000,0x0000001a73800000)]
  0x0000012b59743000 JavaThread "jar transforms Thread 31" [_thread_blocked, id=6428, stack(0x0000001a73800000,0x0000001a73900000)]
  0x0000012b59747000 JavaThread "jar transforms Thread 32" [_thread_blocked, id=3112, stack(0x0000001a73900000,0x0000001a73a00000)]
  0x0000012b59744000 JavaThread "jar transforms Thread 33" [_thread_blocked, id=8892, stack(0x0000001a73a00000,0x0000001a73b00000)]
  0x0000012b59744800 JavaThread "jar transforms Thread 34" [_thread_blocked, id=9164, stack(0x0000001a73b00000,0x0000001a73c00000)]
  0x0000012b59748000 JavaThread "jar transforms Thread 35" [_thread_blocked, id=2752, stack(0x0000001a73c00000,0x0000001a73d00000)]
  0x0000012b59745800 JavaThread "jar transforms Thread 36" [_thread_blocked, id=6412, stack(0x0000001a73d00000,0x0000001a73e00000)]
  0x0000012b59746800 JavaThread "jar transforms Thread 37" [_thread_blocked, id=7468, stack(0x0000001a73e00000,0x0000001a73f00000)]
  0x0000012b59742000 JavaThread "jar transforms Thread 38" [_thread_blocked, id=3992, stack(0x0000001a73f00000,0x0000001a74000000)]
  0x0000012b5974d800 JavaThread "jar transforms Thread 39" [_thread_blocked, id=3176, stack(0x0000001a72d00000,0x0000001a72e00000)]
  0x0000012b5974d000 JavaThread "jar transforms Thread 40" [_thread_blocked, id=852, stack(0x0000001a74000000,0x0000001a74100000)]
  0x0000012b5974e800 JavaThread "jar transforms Thread 41" [_thread_blocked, id=8672, stack(0x0000001a74100000,0x0000001a74200000)]
  0x0000012b5974c000 JavaThread "jar transforms Thread 42" [_thread_blocked, id=4320, stack(0x0000001a74200000,0x0000001a74300000)]
  0x0000012b59749000 JavaThread "jar transforms Thread 43" [_thread_blocked, id=9172, stack(0x0000001a74300000,0x0000001a74400000)]
  0x0000012b5974f800 JavaThread "jar transforms Thread 44" [_thread_blocked, id=7676, stack(0x0000001a74400000,0x0000001a74500000)]
  0x0000012b59749800 JavaThread "jar transforms Thread 45" [_thread_blocked, id=6548, stack(0x0000001a74500000,0x0000001a74600000)]
  0x0000012b59750000 JavaThread "jar transforms Thread 46" [_thread_blocked, id=636, stack(0x0000001a74600000,0x0000001a74700000)]
  0x0000012b5974b000 JavaThread "jar transforms Thread 47" [_thread_blocked, id=8316, stack(0x0000001a74700000,0x0000001a74800000)]
  0x0000012b5974a800 JavaThread "jar transforms Thread 48" [_thread_blocked, id=2000, stack(0x0000001a74800000,0x0000001a74900000)]
  0x0000012b59751000 JavaThread "jar transforms Thread 49" [_thread_blocked, id=3516, stack(0x0000001a74900000,0x0000001a74a00000)]
  0x0000012b588ee000 JavaThread "jar transforms Thread 50" [_thread_blocked, id=2868, stack(0x0000001a74a00000,0x0000001a74b00000)]
  0x0000012b588ed000 JavaThread "jar transforms Thread 51" [_thread_blocked, id=7884, stack(0x0000001a74b00000,0x0000001a74c00000)]
  0x0000012b588ef800 JavaThread "jar transforms Thread 52" [_thread_blocked, id=7268, stack(0x0000001a74c00000,0x0000001a74d00000)]
  0x0000012b588f2000 JavaThread "jar transforms Thread 53" [_thread_blocked, id=3676, stack(0x0000001a74d00000,0x0000001a74e00000)]
  0x0000012b588f0800 JavaThread "jar transforms Thread 54" [_thread_blocked, id=4752, stack(0x0000001a74e00000,0x0000001a74f00000)]
  0x0000012b588f1000 JavaThread "jar transforms Thread 55" [_thread_blocked, id=7812, stack(0x0000001a74f00000,0x0000001a75000000)]
  0x0000012b588ec800 JavaThread "jar transforms Thread 56" [_thread_blocked, id=4176, stack(0x0000001a75000000,0x0000001a75100000)]
  0x0000012b588f4800 JavaThread "jar transforms Thread 57" [_thread_blocked, id=7412, stack(0x0000001a75200000,0x0000001a75300000)]
  0x0000012b588f3000 JavaThread "jar transforms Thread 58" [_thread_blocked, id=2168, stack(0x0000001a75300000,0x0000001a75400000)]
  0x0000012b588f3800 JavaThread "jar transforms Thread 59" [_thread_blocked, id=3592, stack(0x0000001a75400000,0x0000001a75500000)]
  0x0000012b588ef000 JavaThread "jar transforms Thread 60" [_thread_blocked, id=5268, stack(0x0000001a75500000,0x0000001a75600000)]
  0x0000012b588f6000 JavaThread "jar transforms Thread 61" [_thread_blocked, id=6100, stack(0x0000001a75600000,0x0000001a75700000)]
  0x0000012b588f7800 JavaThread "jar transforms Thread 62" [_thread_blocked, id=4844, stack(0x0000001a75700000,0x0000001a75800000)]
  0x0000012b588f9800 JavaThread "jar transforms Thread 63" [_thread_blocked, id=4220, stack(0x0000001a75800000,0x0000001a75900000)]
  0x0000012b588f7000 JavaThread "jar transforms Thread 64" [_thread_blocked, id=8772, stack(0x0000001a75900000,0x0000001a75a00000)]
  0x0000012b588f8800 JavaThread "jar transforms Thread 65" [_thread_blocked, id=7948, stack(0x0000001a75a00000,0x0000001a75b00000)]
  0x0000012b588fa000 JavaThread "jar transforms Thread 66" [_thread_blocked, id=608, stack(0x0000001a75b00000,0x0000001a75c00000)]
  0x0000012b588fb000 JavaThread "jar transforms Thread 67" [_thread_blocked, id=3828, stack(0x0000001a75c00000,0x0000001a75d00000)]
  0x0000012b588f5800 JavaThread "jar transforms Thread 68" [_thread_blocked, id=3732, stack(0x0000001a75d00000,0x0000001a75e00000)]
  0x0000012b5c56f800 JavaThread "jar transforms Thread 69" [_thread_blocked, id=3456, stack(0x0000001a75e00000,0x0000001a75f00000)]
  0x0000012b5c56d000 JavaThread "jar transforms Thread 70" [_thread_blocked, id=9060, stack(0x0000001a75f00000,0x0000001a76000000)]
  0x0000012b5c56c000 JavaThread "jar transforms Thread 71" [_thread_blocked, id=7824, stack(0x0000001a76000000,0x0000001a76100000)]
  0x0000012b5c570000 JavaThread "jar transforms Thread 72" [_thread_blocked, id=5072, stack(0x0000001a76100000,0x0000001a76200000)]
  0x0000012b5c56a800 JavaThread "jar transforms Thread 73" [_thread_blocked, id=2064, stack(0x0000001a76200000,0x0000001a76300000)]
  0x0000012b5c56e000 JavaThread "jar transforms Thread 74" [_thread_blocked, id=8860, stack(0x0000001a76300000,0x0000001a76400000)]
  0x0000012b5c56b800 JavaThread "jar transforms Thread 75" [_thread_blocked, id=3140, stack(0x0000001a76400000,0x0000001a76500000)]
  0x0000012b5c574800 JavaThread "jar transforms Thread 76" [_thread_blocked, id=120, stack(0x0000001a76500000,0x0000001a76600000)]
  0x0000012b5c571000 JavaThread "jar transforms Thread 77" [_thread_blocked, id=8004, stack(0x0000001a76600000,0x0000001a76700000)]
  0x0000012b5c572000 JavaThread "jar transforms Thread 78" [_thread_blocked, id=3532, stack(0x0000001a76700000,0x0000001a76800000)]
  0x0000012b5c56e800 JavaThread "jar transforms Thread 79" [_thread_blocked, id=1324, stack(0x0000001a76800000,0x0000001a76900000)]
  0x0000012b5c575000 JavaThread "jar transforms Thread 80" [_thread_blocked, id=6628, stack(0x0000001a76900000,0x0000001a76a00000)]
  0x0000012b5c576000 JavaThread "jar transforms Thread 81" [_thread_blocked, id=252, stack(0x0000001a76a00000,0x0000001a76b00000)]
  0x0000012b5c577800 JavaThread "jar transforms Thread 82" [_thread_blocked, id=8200, stack(0x0000001a76b00000,0x0000001a76c00000)]
  0x0000012b5c578800 JavaThread "jar transforms Thread 83" [_thread_blocked, id=3528, stack(0x0000001a76c00000,0x0000001a76d00000)]
  0x0000012b5c576800 JavaThread "jar transforms Thread 84" [_thread_blocked, id=4664, stack(0x0000001a76d00000,0x0000001a76e00000)]
  0x0000012b5c573800 JavaThread "jar transforms Thread 85" [_thread_blocked, id=5308, stack(0x0000001a76e00000,0x0000001a76f00000)]
  0x0000012b5c572800 JavaThread "jar transforms Thread 86" [_thread_blocked, id=7848, stack(0x0000001a76f00000,0x0000001a77000000)]
  0x0000012b5c579000 JavaThread "jar transforms Thread 87" [_thread_blocked, id=8364, stack(0x0000001a77000000,0x0000001a77100000)]
  0x0000012b5c55f800 JavaThread "jar transforms Thread 88" [_thread_blocked, id=6584, stack(0x0000001a77100000,0x0000001a77200000)]
  0x0000012b5c55b800 JavaThread "jar transforms Thread 89" [_thread_blocked, id=2760, stack(0x0000001a77200000,0x0000001a77300000)]
  0x0000012b5c560000 JavaThread "jar transforms Thread 90" [_thread_blocked, id=1288, stack(0x0000001a77300000,0x0000001a77400000)]
  0x0000012b5c55a800 JavaThread "jar transforms Thread 91" [_thread_blocked, id=5100, stack(0x0000001a77400000,0x0000001a77500000)]
  0x0000012b5c561000 JavaThread "jar transforms Thread 92" [_thread_blocked, id=212, stack(0x0000001a77500000,0x0000001a77600000)]
  0x0000012b5c562000 JavaThread "jar transforms Thread 93" [_thread_blocked, id=7256, stack(0x0000001a77600000,0x0000001a77700000)]
  0x0000012b5c55e800 JavaThread "jar transforms Thread 94" [_thread_blocked, id=8264, stack(0x0000001a77700000,0x0000001a77800000)]
  0x0000012b5c55c000 JavaThread "jar transforms Thread 95" [_thread_blocked, id=1452, stack(0x0000001a77800000,0x0000001a77900000)]
  0x0000012b5c562800 JavaThread "jar transforms Thread 96" [_thread_blocked, id=5232, stack(0x0000001a77900000,0x0000001a77a00000)]
  0x0000012b5c55e000 JavaThread "jar transforms Thread 97" [_thread_blocked, id=1792, stack(0x0000001a77a00000,0x0000001a77b00000)]
  0x0000012b5c563800 JavaThread "Memory manager" [_thread_blocked, id=1896, stack(0x0000001a6e800000,0x0000001a6e900000)]
  0x0000012b5c566000 JavaThread "File lock release action executor" [_thread_blocked, id=5608, stack(0x0000001a70800000,0x0000001a70900000)]
  0x0000012b5c567800 JavaThread "C2 CompilerThread1" daemon [_thread_in_native, id=8600, stack(0x0000001a75100000,0x0000001a75200000)]

Other Threads:
  0x0000012b518eb000 VMThread "VM Thread" [stack: 0x0000001a6f100000,0x0000001a6f200000] [id=8032]
  0x0000012b523fc800 WatcherThread [stack: 0x0000001a6fb00000,0x0000001a6fc00000] [id=8416]
  0x0000012b37583000 GCTaskThread "GC Thread#0" [stack: 0x0000001a6ec00000,0x0000001a6ed00000] [id=380]
  0x0000012b52859800 GCTaskThread "GC Thread#1" [stack: 0x0000001a6fd00000,0x0000001a6fe00000] [id=1912]
  0x0000012b526aa800 GCTaskThread "GC Thread#2" [stack: 0x0000001a6fe00000,0x0000001a6ff00000] [id=9008]
  0x0000012b533f6000 GCTaskThread "GC Thread#3" [stack: 0x0000001a70a00000,0x0000001a70b00000] [id=6248]
  0x0000012b375b4000 ConcurrentGCThread "G1 Main Marker" [stack: 0x0000001a6ed00000,0x0000001a6ee00000] [id=6208]
=>0x0000012b375b6000 ConcurrentGCThread "G1 Conc#0" [stack: 0x0000001a6ee00000,0x0000001a6ef00000] [id=3296]
  0x0000012b37649800 ConcurrentGCThread "G1 Refine#0" [stack: 0x0000001a6ef00000,0x0000001a6f000000] [id=7232]
  0x0000012b3764a800 ConcurrentGCThread "G1 Young RemSet Sampling" [stack: 0x0000001a6f000000,0x0000001a6f100000] [id=5776]

Threads with active compile tasks:
C2 CompilerThread0 101878 12265       4       org.objectweb.asm.ClassReader::readCode (5089 bytes)
C2 CompilerThread1 101878 12262       4       org.gradle.internal.Try$Success::map (14 bytes)

VM state:not at safepoint (normal execution)

VM Mutex/Monitor currently owned by a thread: None

Heap address: 0x0000000080000000, size: 2048 MB, Compressed Oops mode: 32-bit
Narrow klass base: 0x0000000000000000, Narrow klass shift: 3
Compressed class space size: 1073741824 Address: 0x0000000100000000

Heap:
 garbage-first heap   total 157696K, used 118870K [0x0000000080000000, 0x0000000100000000)
  region size 1024K, 20 young (20480K), 2 survivors (2048K)
 Metaspace       used 95999K, capacity 98278K, committed 98428K, reserved 1134592K
  class space    used 11951K, capacity 12689K, committed 12800K, reserved 1048576K
Heap Regions: E=young(eden), S=young(survivor), O=old, HS=humongous(starts), HC=humongous(continues), CS=collection set, F=free, A=archive, TAMS=top-at-mark-start (previous, next)
|   0|0x0000000080000000, 0x0000000080100000, 0x0000000080100000|100%| O|  |TAMS 0x0000000080100000, 0x0000000080100000| Untracked 
|   1|0x0000000080100000, 0x0000000080200000, 0x0000000080200000|100%| O|  |TAMS 0x0000000080200000, 0x0000000080200000| Untracked 
|   2|0x0000000080200000, 0x0000000080300000, 0x0000000080300000|100%| O|  |TAMS 0x0000000080300000, 0x0000000080300000| Untracked 
|   3|0x0000000080300000, 0x0000000080400000, 0x0000000080400000|100%|HS|  |TAMS 0x0000000080400000, 0x0000000080400000| Complete 
|   4|0x0000000080400000, 0x0000000080500000, 0x0000000080500000|100%|HC|  |TAMS 0x0000000080500000, 0x0000000080500000| Complete 
|   5|0x0000000080500000, 0x0000000080600000, 0x0000000080600000|100%|HC|  |TAMS 0x0000000080600000, 0x0000000080600000| Complete 
|   6|0x0000000080600000, 0x0000000080700000, 0x0000000080700000|100%| O|  |TAMS 0x0000000080700000, 0x0000000080700000| Untracked 
|   7|0x0000000080700000, 0x0000000080800000, 0x0000000080800000|100%| O|  |TAMS 0x0000000080800000, 0x0000000080800000| Untracked 
|   8|0x0000000080800000, 0x0000000080900000, 0x0000000080900000|100%| O|  |TAMS 0x0000000080900000, 0x0000000080900000| Untracked 
|   9|0x0000000080900000, 0x0000000080a00000, 0x0000000080a00000|100%| O|  |TAMS 0x0000000080a00000, 0x0000000080a00000| Untracked 
|  10|0x0000000080a00000, 0x0000000080b00000, 0x0000000080b00000|100%| O|  |TAMS 0x0000000080b00000, 0x0000000080b00000| Untracked 
|  11|0x0000000080b00000, 0x0000000080c00000, 0x0000000080c00000|100%| O|  |TAMS 0x0000000080c00000, 0x0000000080c00000| Untracked 
|  12|0x0000000080c00000, 0x0000000080d00000, 0x0000000080d00000|100%| O|  |TAMS 0x0000000080d00000, 0x0000000080d00000| Untracked 
|  13|0x0000000080d00000, 0x0000000080e00000, 0x0000000080e00000|100%|HS|  |TAMS 0x0000000080e00000, 0x0000000080e00000| Complete 
|  14|0x0000000080e00000, 0x0000000080f00000, 0x0000000080f00000|100%|HC|  |TAMS 0x0000000080f00000, 0x0000000080f00000| Complete 
|  15|0x0000000080f00000, 0x0000000081000000, 0x0000000081000000|100%|HS|  |TAMS 0x0000000081000000, 0x0000000081000000| Complete 
|  16|0x0000000081000000, 0x0000000081100000, 0x0000000081100000|100%|HC|  |TAMS 0x0000000081100000, 0x0000000081100000| Complete 
|  17|0x0000000081100000, 0x0000000081200000, 0x0000000081200000|100%|HC|  |TAMS 0x0000000081200000, 0x0000000081200000| Complete 
|  18|0x0000000081200000, 0x0000000081300000, 0x0000000081300000|100%|HS|  |TAMS 0x0000000081300000, 0x0000000081300000| Complete 
|  19|0x0000000081300000, 0x0000000081400000, 0x0000000081400000|100%|HC|  |TAMS 0x0000000081400000, 0x0000000081400000| Complete 
|  20|0x0000000081400000, 0x0000000081500000, 0x0000000081500000|100%|HC|  |TAMS 0x0000000081500000, 0x0000000081500000| Complete 
|  21|0x0000000081500000, 0x0000000081600000, 0x0000000081600000|100%|HC|  |TAMS 0x0000000081600000, 0x0000000081600000| Complete 
|  22|0x0000000081600000, 0x0000000081700000, 0x0000000081700000|100%|HC|  |TAMS 0x0000000081700000, 0x0000000081700000| Complete 
|  23|0x0000000081700000, 0x0000000081800000, 0x0000000081800000|100%| O|  |TAMS 0x0000000081800000, 0x0000000081800000| Untracked 
|  24|0x0000000081800000, 0x0000000081900000, 0x0000000081900000|100%| O|  |TAMS 0x0000000081900000, 0x0000000081900000| Untracked 
|  25|0x0000000081900000, 0x0000000081a00000, 0x0000000081a00000|100%| O|  |TAMS 0x0000000081a00000, 0x0000000081a00000| Untracked 
|  26|0x0000000081a00000, 0x0000000081b00000, 0x0000000081b00000|100%|HS|  |TAMS 0x0000000081b00000, 0x0000000081b00000| Complete 
|  27|0x0000000081b00000, 0x0000000081c00000, 0x0000000081c00000|100%|HC|  |TAMS 0x0000000081c00000, 0x0000000081c00000| Complete 
|  28|0x0000000081c00000, 0x0000000081d00000, 0x0000000081d00000|100%|HC|  |TAMS 0x0000000081d00000, 0x0000000081d00000| Complete 
|  29|0x0000000081d00000, 0x0000000081e00000, 0x0000000081e00000|100%|HS|  |TAMS 0x0000000081e00000, 0x0000000081e00000| Complete 
|  30|0x0000000081e00000, 0x0000000081f00000, 0x0000000081f00000|100%|HC|  |TAMS 0x0000000081f00000, 0x0000000081f00000| Complete 
|  31|0x0000000081f00000, 0x0000000082000000, 0x0000000082000000|100%|HC|  |TAMS 0x0000000082000000, 0x0000000082000000| Complete 
|  32|0x0000000082000000, 0x0000000082100000, 0x0000000082100000|100%|HC|  |TAMS 0x0000000082100000, 0x0000000082100000| Complete 
|  33|0x0000000082100000, 0x0000000082200000, 0x0000000082200000|100%|HC|  |TAMS 0x0000000082200000, 0x0000000082200000| Complete 
|  34|0x0000000082200000, 0x0000000082300000, 0x0000000082300000|100%| O|  |TAMS 0x0000000082300000, 0x0000000082300000| Untracked 
|  35|0x0000000082300000, 0x0000000082400000, 0x0000000082400000|100%| O|  |TAMS 0x0000000082400000, 0x0000000082400000| Untracked 
|  36|0x0000000082400000, 0x0000000082500000, 0x0000000082500000|100%| O|  |TAMS 0x0000000082500000, 0x0000000082500000| Untracked 
|  37|0x0000000082500000, 0x0000000082600000, 0x0000000082600000|100%| O|  |TAMS 0x0000000082600000, 0x0000000082600000| Untracked 
|  38|0x0000000082600000, 0x0000000082700000, 0x0000000082700000|100%| O|  |TAMS 0x0000000082700000, 0x0000000082700000| Untracked 
|  39|0x0000000082700000, 0x0000000082800000, 0x0000000082800000|100%| O|  |TAMS 0x0000000082800000, 0x0000000082800000| Untracked 
|  40|0x0000000082800000, 0x0000000082900000, 0x0000000082900000|100%| O|  |TAMS 0x0000000082900000, 0x0000000082900000| Untracked 
|  41|0x0000000082900000, 0x0000000082a00000, 0x0000000082a00000|100%| O|  |TAMS 0x0000000082a00000, 0x0000000082a00000| Untracked 
|  42|0x0000000082a00000, 0x0000000082b00000, 0x0000000082b00000|100%| O|  |TAMS 0x0000000082b00000, 0x0000000082b00000| Untracked 
|  43|0x0000000082b00000, 0x0000000082c00000, 0x0000000082c00000|100%| O|  |TAMS 0x0000000082c00000, 0x0000000082c00000| Untracked 
|  44|0x0000000082c00000, 0x0000000082d00000, 0x0000000082d00000|100%| O|  |TAMS 0x0000000082d00000, 0x0000000082d00000| Untracked 
|  45|0x0000000082d00000, 0x0000000082e00000, 0x0000000082e00000|100%| O|  |TAMS 0x0000000082e00000, 0x0000000082e00000| Untracked 
|  46|0x0000000082e00000, 0x0000000082f00000, 0x0000000082f00000|100%| O|  |TAMS 0x0000000082f00000, 0x0000000082f00000| Untracked 
|  47|0x0000000082f00000, 0x0000000083000000, 0x0000000083000000|100%| O|  |TAMS 0x0000000083000000, 0x0000000083000000| Untracked 
|  48|0x0000000083000000, 0x0000000083100000, 0x0000000083100000|100%| O|  |TAMS 0x0000000083100000, 0x0000000083100000| Untracked 
|  49|0x0000000083100000, 0x0000000083200000, 0x0000000083200000|100%| O|  |TAMS 0x0000000083200000, 0x0000000083200000| Untracked 
|  50|0x0000000083200000, 0x0000000083300000, 0x0000000083300000|100%| O|  |TAMS 0x0000000083300000, 0x0000000083300000| Untracked 
|  51|0x0000000083300000, 0x0000000083400000, 0x0000000083400000|100%| O|  |TAMS 0x0000000083400000, 0x0000000083400000| Untracked 
|  52|0x0000000083400000, 0x0000000083500000, 0x0000000083500000|100%| O|  |TAMS 0x0000000083500000, 0x0000000083500000| Untracked 
|  53|0x0000000083500000, 0x0000000083600000, 0x0000000083600000|100%| O|  |TAMS 0x0000000083600000, 0x0000000083600000| Untracked 
|  54|0x0000000083600000, 0x0000000083700000, 0x0000000083700000|100%| O|  |TAMS 0x0000000083700000, 0x0000000083700000| Untracked 
|  55|0x0000000083700000, 0x0000000083800000, 0x0000000083800000|100%| O|  |TAMS 0x0000000083800000, 0x0000000083800000| Untracked 
|  56|0x0000000083800000, 0x0000000083900000, 0x0000000083900000|100%| O|  |TAMS 0x0000000083900000, 0x0000000083900000| Untracked 
|  57|0x0000000083900000, 0x0000000083a00000, 0x0000000083a00000|100%| O|  |TAMS 0x0000000083900000, 0x0000000083a00000| Untracked 
|  58|0x0000000083a00000, 0x0000000083b00000, 0x0000000083b00000|100%| O|  |TAMS 0x0000000083a00000, 0x0000000083b00000| Untracked 
|  59|0x0000000083b00000, 0x0000000083c00000, 0x0000000083c00000|100%| O|  |TAMS 0x0000000083c00000, 0x0000000083c00000| Untracked 
|  60|0x0000000083c00000, 0x0000000083d00000, 0x0000000083d00000|100%| O|  |TAMS 0x0000000083d00000, 0x0000000083d00000| Untracked 
|  61|0x0000000083d00000, 0x0000000083e00000, 0x0000000083e00000|100%| O|  |TAMS 0x0000000083e00000, 0x0000000083e00000| Untracked 
|  62|0x0000000083e00000, 0x0000000083f00000, 0x0000000083f00000|100%| O|  |TAMS 0x0000000083f00000, 0x0000000083f00000| Untracked 
|  63|0x0000000083f00000, 0x0000000084000000, 0x0000000084000000|100%| O|  |TAMS 0x0000000084000000, 0x0000000084000000| Untracked 
|  64|0x0000000084000000, 0x0000000084100000, 0x0000000084100000|100%|HS|  |TAMS 0x0000000084100000, 0x0000000084100000| Complete 
|  65|0x0000000084100000, 0x0000000084200000, 0x0000000084200000|100%|HS|  |TAMS 0x0000000084200000, 0x0000000084200000| Complete 
|  66|0x0000000084200000, 0x0000000084300000, 0x0000000084300000|100%|HC|  |TAMS 0x0000000084300000, 0x0000000084300000| Complete 
|  67|0x0000000084300000, 0x0000000084400000, 0x0000000084400000|100%| O|  |TAMS 0x0000000084400000, 0x0000000084400000| Untracked 
|  68|0x0000000084400000, 0x0000000084500000, 0x0000000084500000|100%| O|  |TAMS 0x0000000084500000, 0x0000000084500000| Untracked 
|  69|0x0000000084500000, 0x0000000084600000, 0x0000000084600000|100%| O|  |TAMS 0x0000000084600000, 0x0000000084600000| Untracked 
|  70|0x0000000084600000, 0x0000000084700000, 0x0000000084700000|100%| O|  |TAMS 0x0000000084700000, 0x0000000084700000| Untracked 
|  71|0x0000000084700000, 0x0000000084800000, 0x0000000084800000|100%| O|  |TAMS 0x0000000084800000, 0x0000000084800000| Untracked 
|  72|0x0000000084800000, 0x0000000084900000, 0x0000000084900000|100%| O|  |TAMS 0x0000000084900000, 0x0000000084900000| Untracked 
|  73|0x0000000084900000, 0x0000000084a00000, 0x0000000084a00000|100%| O|  |TAMS 0x0000000084a00000, 0x0000000084a00000| Untracked 
|  74|0x0000000084a00000, 0x0000000084b00000, 0x0000000084b00000|100%| O|  |TAMS 0x0000000084b00000, 0x0000000084b00000| Untracked 
|  75|0x0000000084b00000, 0x0000000084c00000, 0x0000000084c00000|100%| O|  |TAMS 0x0000000084c00000, 0x0000000084c00000| Untracked 
|  76|0x0000000084c00000, 0x0000000084d00000, 0x0000000084d00000|100%| O|  |TAMS 0x0000000084d00000, 0x0000000084d00000| Untracked 
|  77|0x0000000084d00000, 0x0000000084e00000, 0x0000000084e00000|100%| O|  |TAMS 0x0000000084e00000, 0x0000000084e00000| Untracked 
|  78|0x0000000084e00000, 0x0000000084f00000, 0x0000000084f00000|100%| O|  |TAMS 0x0000000084f00000, 0x0000000084f00000| Untracked 
|  79|0x0000000084f00000, 0x0000000085000000, 0x0000000085000000|100%| O|  |TAMS 0x0000000085000000, 0x0000000085000000| Untracked 
|  80|0x0000000085000000, 0x0000000085100000, 0x0000000085100000|100%| O|  |TAMS 0x0000000085100000, 0x0000000085100000| Untracked 
|  81|0x0000000085100000, 0x0000000085200000, 0x0000000085200000|100%| O|  |TAMS 0x0000000085200000, 0x0000000085200000| Untracked 
|  82|0x0000000085200000, 0x0000000085300000, 0x0000000085300000|100%| O|  |TAMS 0x0000000085300000, 0x0000000085300000| Untracked 
|  83|0x0000000085300000, 0x0000000085400000, 0x0000000085400000|100%| O|  |TAMS 0x0000000085400000, 0x0000000085400000| Untracked 
|  84|0x0000000085400000, 0x0000000085500000, 0x0000000085500000|100%| O|  |TAMS 0x0000000085500000, 0x0000000085500000| Untracked 
|  85|0x0000000085500000, 0x0000000085600000, 0x0000000085600000|100%| O|  |TAMS 0x0000000085600000, 0x0000000085600000| Untracked 
|  86|0x0000000085600000, 0x0000000085700000, 0x0000000085700000|100%| O|  |TAMS 0x0000000085700000, 0x0000000085700000| Untracked 
|  87|0x0000000085700000, 0x0000000085800000, 0x0000000085800000|100%| O|  |TAMS 0x0000000085800000, 0x0000000085800000| Untracked 
|  88|0x0000000085800000, 0x0000000085900000, 0x0000000085900000|100%| O|  |TAMS 0x0000000085900000, 0x0000000085900000| Untracked 
|  89|0x0000000085900000, 0x0000000085a00000, 0x0000000085a00000|100%| O|  |TAMS 0x0000000085a00000, 0x0000000085a00000| Untracked 
|  90|0x0000000085a00000, 0x0000000085b00000, 0x0000000085b00000|100%| O|  |TAMS 0x0000000085b00000, 0x0000000085b00000| Untracked 
|  91|0x0000000085b00000, 0x0000000085c00000, 0x0000000085c00000|100%| O|  |TAMS 0x0000000085c00000, 0x0000000085c00000| Untracked 
|  92|0x0000000085c00000, 0x0000000085d00000, 0x0000000085d00000|100%| O|  |TAMS 0x0000000085d00000, 0x0000000085d00000| Untracked 
|  93|0x0000000085d00000, 0x0000000085e00000, 0x0000000085e00000|100%| O|  |TAMS 0x0000000085e00000, 0x0000000085e00000| Untracked 
|  94|0x0000000085e00000, 0x0000000085e00000, 0x0000000085f00000|  0%| F|  |TAMS 0x0000000085e00000, 0x0000000085e00000| Untracked 
|  95|0x0000000085f00000, 0x0000000085f00000, 0x0000000086000000|  0%| F|  |TAMS 0x0000000085f00000, 0x0000000085f00000| Untracked 
|  96|0x0000000086000000, 0x0000000086100000, 0x0000000086100000|100%| O|  |TAMS 0x0000000086100000, 0x0000000086100000| Untracked 
|  97|0x0000000086100000, 0x0000000086100000, 0x0000000086200000|  0%| F|  |TAMS 0x0000000086100000, 0x0000000086100000| Untracked 
|  98|0x0000000086200000, 0x0000000086300000, 0x0000000086300000|100%| O|  |TAMS 0x00000000862ef800, 0x0000000086300000| Untracked 
|  99|0x0000000086300000, 0x0000000086400000, 0x0000000086400000|100%| O|  |TAMS 0x0000000086300000, 0x0000000086400000| Untracked 
| 100|0x0000000086400000, 0x00000000864f1e00, 0x0000000086500000| 94%| O|  |TAMS 0x0000000086400000, 0x00000000864f1e00| Untracked 
| 101|0x0000000086500000, 0x0000000086500000, 0x0000000086600000|  0%| F|  |TAMS 0x0000000086500000, 0x0000000086500000| Untracked 
| 102|0x0000000086600000, 0x0000000086600000, 0x0000000086700000|  0%| F|  |TAMS 0x0000000086600000, 0x0000000086600000| Untracked 
| 103|0x0000000086700000, 0x0000000086700000, 0x0000000086800000|  0%| F|  |TAMS 0x0000000086700000, 0x0000000086700000| Untracked 
| 104|0x0000000086800000, 0x0000000086800000, 0x0000000086900000|  0%| F|  |TAMS 0x0000000086800000, 0x0000000086800000| Untracked 
| 105|0x0000000086900000, 0x0000000086900000, 0x0000000086a00000|  0%| F|  |TAMS 0x0000000086900000, 0x0000000086900000| Untracked 
| 106|0x0000000086a00000, 0x0000000086a00000, 0x0000000086b00000|  0%| F|  |TAMS 0x0000000086a00000, 0x0000000086a00000| Untracked 
| 107|0x0000000086b00000, 0x0000000086b00000, 0x0000000086c00000|  0%| F|  |TAMS 0x0000000086b00000, 0x0000000086b00000| Untracked 
| 108|0x0000000086c00000, 0x0000000086c00000, 0x0000000086d00000|  0%| F|  |TAMS 0x0000000086c00000, 0x0000000086c00000| Untracked 
| 109|0x0000000086d00000, 0x0000000086d00000, 0x0000000086e00000|  0%| F|  |TAMS 0x0000000086d00000, 0x0000000086d00000| Untracked 
| 110|0x0000000086e00000, 0x0000000086e00000, 0x0000000086f00000|  0%| F|  |TAMS 0x0000000086e00000, 0x0000000086e00000| Untracked 
| 111|0x0000000086f00000, 0x0000000086f00000, 0x0000000087000000|  0%| F|  |TAMS 0x0000000086f00000, 0x0000000086f00000| Untracked 
| 112|0x0000000087000000, 0x0000000087000000, 0x0000000087100000|  0%| F|  |TAMS 0x0000000087000000, 0x0000000087000000| Untracked 
| 113|0x0000000087100000, 0x0000000087100000, 0x0000000087200000|  0%| F|  |TAMS 0x0000000087100000, 0x0000000087100000| Untracked 
| 114|0x0000000087200000, 0x0000000087200000, 0x0000000087300000|  0%| F|  |TAMS 0x0000000087200000, 0x0000000087200000| Untracked 
| 115|0x0000000087300000, 0x0000000087300000, 0x0000000087400000|  0%| F|  |TAMS 0x0000000087300000, 0x0000000087300000| Untracked 
| 116|0x0000000087400000, 0x0000000087400000, 0x0000000087500000|  0%| F|  |TAMS 0x0000000087400000, 0x0000000087400000| Untracked 
| 117|0x0000000087500000, 0x0000000087500000, 0x0000000087600000|  0%| F|  |TAMS 0x0000000087500000, 0x0000000087500000| Untracked 
| 118|0x0000000087600000, 0x0000000087623b20, 0x0000000087700000| 13%| S|CS|TAMS 0x0000000087600000, 0x0000000087600000| Complete 
| 119|0x0000000087700000, 0x0000000087800000, 0x0000000087800000|100%| S|CS|TAMS 0x0000000087700000, 0x0000000087700000| Complete 
| 120|0x0000000087800000, 0x0000000087800000, 0x0000000087900000|  0%| F|  |TAMS 0x0000000087800000, 0x0000000087800000| Untracked 
| 121|0x0000000087900000, 0x0000000087900000, 0x0000000087a00000|  0%| F|  |TAMS 0x0000000087900000, 0x0000000087900000| Untracked 
| 122|0x0000000087a00000, 0x0000000087a00000, 0x0000000087b00000|  0%| F|  |TAMS 0x0000000087a00000, 0x0000000087a00000| Untracked 
| 123|0x0000000087b00000, 0x0000000087b00000, 0x0000000087c00000|  0%| F|  |TAMS 0x0000000087b00000, 0x0000000087b00000| Untracked 
| 124|0x0000000087c00000, 0x0000000087c00000, 0x0000000087d00000|  0%| F|  |TAMS 0x0000000087c00000, 0x0000000087c00000| Untracked 
| 125|0x0000000087d00000, 0x0000000087d00000, 0x0000000087e00000|  0%| F|  |TAMS 0x0000000087d00000, 0x0000000087d00000| Untracked 
| 126|0x0000000087e00000, 0x0000000087e00000, 0x0000000087f00000|  0%| F|  |TAMS 0x0000000087e00000, 0x0000000087e00000| Untracked 
| 127|0x0000000087f00000, 0x0000000087f00000, 0x0000000088000000|  0%| F|  |TAMS 0x0000000087f00000, 0x0000000087f00000| Untracked 
| 128|0x0000000088000000, 0x0000000088000000, 0x0000000088100000|  0%| F|  |TAMS 0x0000000088000000, 0x0000000088000000| Untracked 
| 129|0x0000000088100000, 0x0000000088100000, 0x0000000088200000|  0%| F|  |TAMS 0x0000000088100000, 0x0000000088100000| Untracked 
| 130|0x0000000088200000, 0x0000000088200000, 0x0000000088300000|  0%| F|  |TAMS 0x0000000088200000, 0x0000000088200000| Untracked 
| 131|0x0000000088300000, 0x0000000088300000, 0x0000000088400000|  0%| F|  |TAMS 0x0000000088300000, 0x0000000088300000| Untracked 
| 132|0x0000000088400000, 0x0000000088400000, 0x0000000088500000|  0%| F|  |TAMS 0x0000000088400000, 0x0000000088400000| Untracked 
| 133|0x0000000088500000, 0x0000000088500000, 0x0000000088600000|  0%| F|  |TAMS 0x0000000088500000, 0x0000000088500000| Untracked 
| 134|0x0000000088600000, 0x0000000088600000, 0x0000000088700000|  0%| F|  |TAMS 0x0000000088600000, 0x0000000088600000| Untracked 
| 135|0x0000000088700000, 0x0000000088700000, 0x0000000088800000|  0%| F|  |TAMS 0x0000000088700000, 0x0000000088700000| Untracked 
| 136|0x0000000088800000, 0x0000000088890f18, 0x0000000088900000| 56%| E|  |TAMS 0x0000000088800000, 0x0000000088800000| Complete 
| 137|0x0000000088900000, 0x0000000088a00000, 0x0000000088a00000|100%| E|CS|TAMS 0x0000000088900000, 0x0000000088900000| Complete 
| 138|0x0000000088a00000, 0x0000000088b00000, 0x0000000088b00000|100%| E|CS|TAMS 0x0000000088a00000, 0x0000000088a00000| Complete 
| 139|0x0000000088b00000, 0x0000000088c00000, 0x0000000088c00000|100%| E|CS|TAMS 0x0000000088b00000, 0x0000000088b00000| Complete 
| 140|0x0000000088c00000, 0x0000000088d00000, 0x0000000088d00000|100%| E|CS|TAMS 0x0000000088c00000, 0x0000000088c00000| Complete 
| 141|0x0000000088d00000, 0x0000000088e00000, 0x0000000088e00000|100%| E|CS|TAMS 0x0000000088d00000, 0x0000000088d00000| Complete 
| 142|0x0000000088e00000, 0x0000000088f00000, 0x0000000088f00000|100%| E|CS|TAMS 0x0000000088e00000, 0x0000000088e00000| Complete 
| 143|0x0000000088f00000, 0x0000000089000000, 0x0000000089000000|100%| E|CS|TAMS 0x0000000088f00000, 0x0000000088f00000| Complete 
| 144|0x0000000089000000, 0x0000000089100000, 0x0000000089100000|100%| E|CS|TAMS 0x0000000089000000, 0x0000000089000000| Complete 
| 145|0x0000000089100000, 0x0000000089200000, 0x0000000089200000|100%| E|CS|TAMS 0x0000000089100000, 0x0000000089100000| Complete 
| 146|0x0000000089200000, 0x0000000089300000, 0x0000000089300000|100%| E|CS|TAMS 0x0000000089200000, 0x0000000089200000| Complete 
| 147|0x0000000089300000, 0x0000000089400000, 0x0000000089400000|100%| E|CS|TAMS 0x0000000089300000, 0x0000000089300000| Complete 
| 148|0x0000000089400000, 0x0000000089500000, 0x0000000089500000|100%| E|CS|TAMS 0x0000000089400000, 0x0000000089400000| Complete 
| 149|0x0000000089500000, 0x0000000089600000, 0x0000000089600000|100%| E|CS|TAMS 0x0000000089500000, 0x0000000089500000| Complete 
| 150|0x0000000089600000, 0x0000000089700000, 0x0000000089700000|100%| E|CS|TAMS 0x0000000089600000, 0x0000000089600000| Complete 
| 151|0x0000000089700000, 0x0000000089800000, 0x0000000089800000|100%| E|CS|TAMS 0x0000000089700000, 0x0000000089700000| Complete 
| 152|0x0000000089800000, 0x0000000089900000, 0x0000000089900000|100%| E|CS|TAMS 0x0000000089800000, 0x0000000089800000| Complete 
| 153|0x0000000089900000, 0x0000000089a00000, 0x0000000089a00000|100%| E|CS|TAMS 0x0000000089900000, 0x0000000089900000| Complete 

Card table byte_map: [0x0000012b4aab0000,0x0000012b4aeb0000] _byte_map_base: 0x0000012b4a6b0000

Marking Bits (Prev, Next): (CMBitMap*) 0x0000012b375ab0b0, (CMBitMap*) 0x0000012b375ab078
 Prev Bits: [0x0000012b4d2b0000, 0x0000012b4f2b0000)
 Next Bits: [0x0000012b4b2b0000, 0x0000012b4d2b0000)

Polling page: 0x0000012b37650000

Metaspace:

Usage:
  Non-class:     83.58 MB capacity,    82.08 MB ( 98%) used,     1.29 MB (  2%) free+waste,   222.50 KB ( <1%) overhead. 
      Class:     12.39 MB capacity,    11.67 MB ( 94%) used,   640.31 KB (  5%) free+waste,    97.38 KB ( <1%) overhead. 
       Both:     95.97 MB capacity,    93.75 MB ( 98%) used,     1.91 MB (  2%) free+waste,   319.88 KB ( <1%) overhead. 

Virtual space:
  Non-class space:       84.00 MB reserved,      83.62 MB (>99%) committed 
      Class space:        1.00 GB reserved,      12.50 MB (  1%) committed 
             Both:        1.08 GB reserved,      96.12 MB (  9%) committed 

Chunk freelists:
   Non-Class:  39.00 KB
       Class:  15.00 KB
        Both:  54.00 KB

MaxMetaspaceSize: 17179869184.00 GB
CompressedClassSpaceSize: 1.00 GB

CodeHeap 'non-profiled nmethods': size=120064Kb used=10207Kb max_used=10207Kb free=109856Kb
 bounds [0x0000012b42b40000, 0x0000012b43540000, 0x0000012b4a080000]
CodeHeap 'profiled nmethods': size=120000Kb used=27741Kb max_used=27741Kb free=92258Kb
 bounds [0x0000012b3b610000, 0x0000012b3d130000, 0x0000012b42b40000]
CodeHeap 'non-nmethods': size=5696Kb used=2309Kb max_used=2357Kb free=3387Kb
 bounds [0x0000012b3b080000, 0x0000012b3b2f0000, 0x0000012b3b610000]
 total_blobs=13059 nmethods=12137 adapters=833
 compilation: enabled
              stopped_count=0, restarted_count=0
 full_count=0

Compilation events (20 events):
Event: 101.295 Thread 0x0000012b5191c000 12257       3       com.android.build.gradle.internal.dependency.VariantDependencies$Companion$getComponentFilter$1::isSatisfiedBy (13 bytes)
Event: 101.295 Thread 0x0000012b5191c000 nmethod 12257 0x0000012b3d126190 code [0x0000012b3d126340, 0x0000012b3d126598]
Event: 101.303 Thread 0x0000012b5c567800 nmethod 12255 0x0000012b43530f90 code [0x0000012b43531140, 0x0000012b43531498]
Event: 101.303 Thread 0x0000012b5c567800 12258       4       java.io.File::exists (43 bytes)
Event: 101.313 Thread 0x0000012b5c567800 nmethod 12258 0x0000012b43531790 code [0x0000012b43531960, 0x0000012b43531c98]
Event: 101.316 Thread 0x0000012b5191c000 12259       1       java.nio.channels.FileLock::isShared (5 bytes)
Event: 101.317 Thread 0x0000012b5191c000 nmethod 12259 0x0000012b43531f10 code [0x0000012b435320c0, 0x0000012b43532178]
Event: 101.318 Thread 0x0000012b5c567800 12260       4       com.google.common.io.CountingInputStream::read (33 bytes)
Event: 101.319 Thread 0x0000012b51917800 nmethod 12245 0x0000012b43532210 code [0x0000012b435323c0, 0x0000012b43532c58]
Event: 101.325 Thread 0x0000012b51917800 12261       4       com.google.common.cache.LocalCache$Segment::runUnlockedCleanup (15 bytes)
Event: 101.358 Thread 0x0000012b5191c000 12263       3       com.google.common.collect.MapMakerInternalMap$Segment::removeFromChain (67 bytes)
Event: 101.358 Thread 0x0000012b5191c000 nmethod 12263 0x0000012b3d126610 code [0x0000012b3d126820, 0x0000012b3d126e78]
Event: 101.366 Thread 0x0000012b5c567800 nmethod 12260 0x0000012b43533010 code [0x0000012b43533260, 0x0000012b43534b50]
Event: 101.366 Thread 0x0000012b5c567800 12262       4       org.gradle.internal.Try$Success::map (14 bytes)
Event: 101.418 Thread 0x0000012b51917800 nmethod 12261 0x0000012b43535690 code [0x0000012b435358a0, 0x0000012b43536bb8]
Event: 101.495 Thread 0x0000012b51917800 12264       4       sun.nio.fs.WindowsFileSystem::getPath (101 bytes)
Event: 101.516 Thread 0x0000012b51917800 nmethod 12264 0x0000012b43537210 code [0x0000012b43537400, 0x0000012b43537b20]
Event: 101.516 Thread 0x0000012b51917800 12265       4       org.objectweb.asm.ClassReader::readCode (5089 bytes)
Event: 101.580 Thread 0x0000012b5191c000 12272       3       sun.nio.ch.FileKey::hashCode (42 bytes)
Event: 101.580 Thread 0x0000012b5191c000 nmethod 12272 0x0000012b3d127110 code [0x0000012b3d1272c0, 0x0000012b3d1273f8]

GC Heap History (20 events):
Event: 91.416 GC heap before
{Heap before GC invocations=54 (full 0):
 garbage-first heap   total 157696K, used 132454K [0x0000000080000000, 0x0000000100000000)
  region size 1024K, 39 young (39936K), 5 survivors (5120K)
 Metaspace       used 88966K, capacity 91123K, committed 91388K, reserved 1128448K
  class space    used 11116K, capacity 11817K, committed 11904K, reserved 1048576K
}
Event: 91.423 GC heap after
{Heap after GC invocations=55 (full 0):
 garbage-first heap   total 157696K, used 99168K [0x0000000080000000, 0x0000000100000000)
  region size 1024K, 1 young (1024K), 1 survivors (1024K)
 Metaspace       used 88966K, capacity 91123K, committed 91388K, reserved 1128448K
  class space    used 11116K, capacity 11817K, committed 11904K, reserved 1048576K
}
Event: 91.712 GC heap before
{Heap before GC invocations=55 (full 0):
 garbage-first heap   total 157696K, used 133984K [0x0000000080000000, 0x0000000100000000)
  region size 1024K, 35 young (35840K), 1 survivors (1024K)
 Metaspace       used 89045K, capacity 91123K, committed 91388K, reserved 1128448K
  class space    used 11116K, capacity 11817K, committed 11904K, reserved 1048576K
}
Event: 91.715 GC heap after
{Heap after GC invocations=56 (full 0):
 garbage-first heap   total 157696K, used 98928K [0x0000000080000000, 0x0000000100000000)
  region size 1024K, 1 young (1024K), 1 survivors (1024K)
 Metaspace       used 89045K, capacity 91123K, committed 91388K, reserved 1128448K
  class space    used 11116K, capacity 11817K, committed 11904K, reserved 1048576K
}
Event: 91.958 GC heap before
{Heap before GC invocations=57 (full 0):
 garbage-first heap   total 157696K, used 134768K [0x0000000080000000, 0x0000000100000000)
  region size 1024K, 36 young (36864K), 1 survivors (1024K)
 Metaspace       used 89067K, capacity 91187K, committed 91388K, reserved 1128448K
  class space    used 11116K, capacity 11817K, committed 11904K, reserved 1048576K
}
Event: 91.960 GC heap after
{Heap after GC invocations=58 (full 0):
 garbage-first heap   total 157696K, used 99375K [0x0000000080000000, 0x0000000100000000)
  region size 1024K, 2 young (2048K), 2 survivors (2048K)
 Metaspace       used 89067K, capacity 91187K, committed 91388K, reserved 1128448K
  class space    used 11116K, capacity 11817K, committed 11904K, reserved 1048576K
}
Event: 94.474 GC heap before
{Heap before GC invocations=58 (full 0):
 garbage-first heap   total 157696K, used 133167K [0x0000000080000000, 0x0000000100000000)
  region size 1024K, 36 young (36864K), 2 survivors (2048K)
 Metaspace       used 89842K, capacity 91950K, committed 92156K, reserved 1130496K
  class space    used 11183K, capacity 11872K, committed 11904K, reserved 1048576K
}
Event: 94.479 GC heap after
{Heap after GC invocations=59 (full 0):
 garbage-first heap   total 157696K, used 100614K [0x0000000080000000, 0x0000000100000000)
  region size 1024K, 3 young (3072K), 3 survivors (3072K)
 Metaspace       used 89842K, capacity 91950K, committed 92156K, reserved 1130496K
  class space    used 11183K, capacity 11872K, committed 11904K, reserved 1048576K
}
Event: 94.960 GC heap before
{Heap before GC invocations=60 (full 0):
 garbage-first heap   total 157696K, used 134406K [0x0000000080000000, 0x0000000100000000)
  region size 1024K, 37 young (37888K), 3 survivors (3072K)
 Metaspace       used 89849K, capacity 91950K, committed 92156K, reserved 1130496K
  class space    used 11183K, capacity 11872K, committed 11904K, reserved 1048576K
}
Event: 94.965 GC heap after
{Heap after GC invocations=61 (full 0):
 garbage-first heap   total 157696K, used 101489K [0x0000000080000000, 0x0000000100000000)
  region size 1024K, 4 young (4096K), 4 survivors (4096K)
 Metaspace       used 89849K, capacity 91950K, committed 92156K, reserved 1130496K
  class space    used 11183K, capacity 11872K, committed 11904K, reserved 1048576K
}
Event: 94.976 GC heap before
{Heap before GC invocations=61 (full 0):
 garbage-first heap   total 157696K, used 104561K [0x0000000080000000, 0x0000000100000000)
  region size 1024K, 7 young (7168K), 4 survivors (4096K)
 Metaspace       used 89849K, capacity 91950K, committed 92156K, reserved 1130496K
  class space    used 11183K, capacity 11872K, committed 11904K, reserved 1048576K
}
Event: 94.980 GC heap after
{Heap after GC invocations=62 (full 0):
 garbage-first heap   total 157696K, used 99822K [0x0000000080000000, 0x0000000100000000)
  region size 1024K, 1 young (1024K), 1 survivors (1024K)
 Metaspace       used 89849K, capacity 91950K, committed 92156K, reserved 1130496K
  class space    used 11183K, capacity 11872K, committed 11904K, reserved 1048576K
}
Event: 95.691 GC heap before
{Heap before GC invocations=62 (full 0):
 garbage-first heap   total 157696K, used 135662K [0x0000000080000000, 0x0000000100000000)
  region size 1024K, 36 young (36864K), 1 survivors (1024K)
 Metaspace       used 90434K, capacity 92621K, committed 92796K, reserved 1130496K
  class space    used 11270K, capacity 11946K, committed 12032K, reserved 1048576K
}
Event: 95.697 GC heap after
{Heap after GC invocations=63 (full 0):
 garbage-first heap   total 157696K, used 100152K [0x0000000080000000, 0x0000000100000000)
  region size 1024K, 1 young (1024K), 1 survivors (1024K)
 Metaspace       used 90434K, capacity 92621K, committed 92796K, reserved 1130496K
  class space    used 11270K, capacity 11946K, committed 12032K, reserved 1048576K
}
Event: 101.064 GC heap before
{Heap before GC invocations=64 (full 0):
 garbage-first heap   total 157696K, used 134968K [0x0000000080000000, 0x0000000100000000)
  region size 1024K, 36 young (36864K), 1 survivors (1024K)
 Metaspace       used 95943K, capacity 98206K, committed 98428K, reserved 1134592K
  class space    used 11951K, capacity 12689K, committed 12800K, reserved 1048576K
}
Event: 101.072 GC heap after
{Heap after GC invocations=65 (full 0):
 garbage-first heap   total 157696K, used 103083K [0x0000000080000000, 0x0000000100000000)
  region size 1024K, 4 young (4096K), 4 survivors (4096K)
 Metaspace       used 95943K, capacity 98206K, committed 98428K, reserved 1134592K
  class space    used 11951K, capacity 12689K, committed 12800K, reserved 1048576K
}
Event: 101.259 GC heap before
{Heap before GC invocations=65 (full 0):
 garbage-first heap   total 157696K, used 106155K [0x0000000080000000, 0x0000000100000000)
  region size 1024K, 7 young (7168K), 4 survivors (4096K)
 Metaspace       used 95985K, capacity 98214K, committed 98428K, reserved 1134592K
  class space    used 11951K, capacity 12689K, committed 12800K, reserved 1048576K
}
Event: 101.268 GC heap after
{Heap after GC invocations=66 (full 0):
 garbage-first heap   total 157696K, used 100852K [0x0000000080000000, 0x0000000100000000)
  region size 1024K, 1 young (1024K), 1 survivors (1024K)
 Metaspace       used 95985K, capacity 98214K, committed 98428K, reserved 1134592K
  class space    used 11951K, capacity 12689K, committed 12800K, reserved 1048576K
}
Event: 101.615 GC heap before
{Heap before GC invocations=66 (full 0):
 garbage-first heap   total 157696K, used 133620K [0x0000000080000000, 0x0000000100000000)
  region size 1024K, 34 young (34816K), 1 survivors (1024K)
 Metaspace       used 95999K, capacity 98278K, committed 98428K, reserved 1134592K
  class space    used 11951K, capacity 12689K, committed 12800K, reserved 1048576K
}
Event: 101.620 GC heap after
{Heap after GC invocations=67 (full 0):
 garbage-first heap   total 157696K, used 101462K [0x0000000080000000, 0x0000000100000000)
  region size 1024K, 2 young (2048K), 2 survivors (2048K)
 Metaspace       used 95999K, capacity 98278K, committed 98428K, reserved 1134592K
  class space    used 11951K, capacity 12689K, committed 12800K, reserved 1048576K
}

Deoptimization events (20 events):
Event: 100.548 Thread 0x0000012b534d6800 DEOPT PACKING pc=0x0000012b42c535c0 sp=0x0000001a706f6230
Event: 100.548 Thread 0x0000012b534d6800 DEOPT UNPACKING pc=0x0000012b3b0a78af sp=0x0000001a706f61c0 mode 2
Event: 101.056 Thread 0x0000012b534d6800 DEOPT PACKING pc=0x0000012b3c977a0d sp=0x0000001a706f8c60
Event: 101.056 Thread 0x0000012b534d6800 DEOPT UNPACKING pc=0x0000012b3b0a76ce sp=0x0000001a706f80f8 mode 0
Event: 101.504 Thread 0x0000012b529a5000 DEOPT PACKING pc=0x0000012b3ce8d8be sp=0x0000001a72bfaf70
Event: 101.504 Thread 0x0000012b529a5000 DEOPT UNPACKING pc=0x0000012b3b0a76ce sp=0x0000001a72bfa5e0 mode 0
Event: 101.555 Thread 0x0000012b529a5000 DEOPT PACKING pc=0x0000012b3ce8d8be sp=0x0000001a72bfaf70
Event: 101.555 Thread 0x0000012b529a5000 DEOPT UNPACKING pc=0x0000012b3b0a76ce sp=0x0000001a72bfa5e0 mode 0
Event: 101.572 Thread 0x0000012b529a5000 DEOPT PACKING pc=0x0000012b3ce8d8be sp=0x0000001a72bfaf70
Event: 101.572 Thread 0x0000012b529a5000 DEOPT UNPACKING pc=0x0000012b3b0a76ce sp=0x0000001a72bfa5e0 mode 0
Event: 101.573 Thread 0x0000012b54570800 Uncommon trap: trap_request=0xffffff4d fr.pc=0x0000012b43325e78 relative=0x0000000000000278
Event: 101.573 Thread 0x0000012b54570800 Uncommon trap: reason=unstable_if action=reinterpret pc=0x0000012b43325e78 method=org.gradle.cache.internal.LockOnDemandCrossProcessCacheAccess.decrementLockCount()V @ 54 c2
Event: 101.573 Thread 0x0000012b54570800 DEOPT PACKING pc=0x0000012b43325e78 sp=0x0000001a70dfecb0
Event: 101.573 Thread 0x0000012b54570800 DEOPT UNPACKING pc=0x0000012b3b0a78af sp=0x0000001a70dfec70 mode 2
Event: 101.581 Thread 0x0000012b54570800 Uncommon trap: trap_request=0xffffffde fr.pc=0x0000012b432cbd08 relative=0x00000000000006a8
Event: 101.581 Thread 0x0000012b54570800 Uncommon trap: reason=class_check action=maybe_recompile pc=0x0000012b432cbd08 method=java.util.HashMap.removeNode(ILjava/lang/Object;Ljava/lang/Object;ZZ)Ljava/util/HashMap$Node; @ 68 c2
Event: 101.581 Thread 0x0000012b54570800 DEOPT PACKING pc=0x0000012b432cbd08 sp=0x0000001a70dfe960
Event: 101.581 Thread 0x0000012b54570800 DEOPT UNPACKING pc=0x0000012b3b0a78af sp=0x0000001a70dfe8f8 mode 2
Event: 101.714 Thread 0x0000012b529a5000 DEOPT PACKING pc=0x0000012b3ce8c900 sp=0x0000001a72bfaf50
Event: 101.714 Thread 0x0000012b529a5000 DEOPT UNPACKING pc=0x0000012b3b0a76ce sp=0x0000001a72bfa5c0 mode 0

Classes redefined (0 events):
No events

Internal exceptions (20 events):
Event: 91.719 Thread 0x0000012b529a7000 Exception <a 'sun/nio/fs/WindowsException'{0x00000000899812a8}> (0x00000000899812a8) thrown at [./src/hotspot/share/prims/jni.cpp, line 615]
Event: 91.740 Thread 0x0000012b5299f800 Exception <a 'sun/nio/fs/WindowsException'{0x00000000896a3a60}> (0x00000000896a3a60) thrown at [./src/hotspot/share/prims/jni.cpp, line 615]
Event: 91.845 Thread 0x0000012b529a8800 Exception <a 'sun/nio/fs/WindowsException'{0x00000000888e7950}> (0x00000000888e7950) thrown at [./src/hotspot/share/prims/jni.cpp, line 615]
Event: 91.975 Thread 0x0000012b529a5000 Exception <a 'sun/nio/fs/WindowsException'{0x000000008960b2a0}> (0x000000008960b2a0) thrown at [./src/hotspot/share/prims/jni.cpp, line 615]
Event: 92.165 Thread 0x0000012b529a7000 Exception <a 'sun/nio/fs/WindowsException'{0x0000000089692778}> (0x0000000089692778) thrown at [./src/hotspot/share/prims/jni.cpp, line 615]
Event: 92.190 Thread 0x0000012b5299f800 Exception <a 'sun/nio/fs/WindowsException'{0x0000000089295148}> (0x0000000089295148) thrown at [./src/hotspot/share/prims/jni.cpp, line 615]
Event: 92.212 Thread 0x0000012b529a8800 Exception <a 'sun/nio/fs/WindowsException'{0x00000000892f2b98}> (0x00000000892f2b98) thrown at [./src/hotspot/share/prims/jni.cpp, line 615]
Event: 93.308 Thread 0x0000012b529a8800 Exception <a 'sun/nio/fs/WindowsException'{0x000000008850d1d0}> (0x000000008850d1d0) thrown at [./src/hotspot/share/prims/jni.cpp, line 615]
Event: 93.319 Thread 0x0000012b529a7000 Exception <a 'sun/nio/fs/WindowsException'{0x00000000882211b0}> (0x00000000882211b0) thrown at [./src/hotspot/share/prims/jni.cpp, line 615]
Event: 93.321 Thread 0x0000012b534d6800 Exception <a 'sun/nio/fs/WindowsException'{0x00000000882af0b8}> (0x00000000882af0b8) thrown at [./src/hotspot/share/prims/jni.cpp, line 615]
Event: 94.927 Thread 0x0000012b5299f800 Exception <a 'sun/nio/fs/WindowsException'{0x0000000087d35678}> (0x0000000087d35678) thrown at [./src/hotspot/share/prims/jni.cpp, line 615]
Event: 94.973 Thread 0x0000012b529a8800 Exception <a 'sun/nio/fs/WindowsException'{0x000000008974ea10}> (0x000000008974ea10) thrown at [./src/hotspot/share/prims/jni.cpp, line 615]
Event: 95.012 Thread 0x0000012b529a5000 Exception <a 'sun/nio/fs/WindowsException'{0x0000000088da03b8}> (0x0000000088da03b8) thrown at [./src/hotspot/share/prims/jni.cpp, line 615]
Event: 95.053 Thread 0x0000012b529a7000 Exception <a 'sun/nio/fs/WindowsException'{0x000000008854a4d0}> (0x000000008854a4d0) thrown at [./src/hotspot/share/prims/jni.cpp, line 615]
Event: 95.075 Thread 0x0000012b529a8800 Exception <a 'sun/nio/fs/WindowsException'{0x00000000883756c8}> (0x00000000883756c8) thrown at [./src/hotspot/share/prims/jni.cpp, line 615]
Event: 95.243 Thread 0x0000012b529a8800 Exception <a 'sun/nio/fs/WindowsException'{0x0000000087cfdc40}> (0x0000000087cfdc40) thrown at [./src/hotspot/share/prims/jni.cpp, line 615]
Event: 95.411 Thread 0x0000012b534d6800 Exception <a 'java/lang/NoSuchMethodError'{0x0000000087b66420}: 'int java.lang.invoke.DirectMethodHandle$Holder.invokeSpecialIFC(java.lang.Object, java.lang.Object, java.lang.Object)'> (0x0000000087b66420) thrown at [./src/hotspot/share/interpreter/linkResolver.cpp, line 773]
Event: 95.886 Thread 0x0000012b534d6800 Exception <a 'sun/nio/fs/WindowsException'{0x000000008953e098}> (0x000000008953e098) thrown at [./src/hotspot/share/prims/jni.cpp, line 615]
Event: 95.896 Thread 0x0000012b534d6800 Implicit null exception at 0x0000012b42d16e88 to 0x0000012b42d1805c
Event: 96.051 Thread 0x0000012b534d6800 Exception <a 'java/lang/IncompatibleClassChangeError'{0x00000000895636c8}: Found class java.lang.Object, but interface was expected> (0x00000000895636c8) thrown at [./src/hotspot/share/interpreter/linkResolver.cpp, line 839]

Events (20 events):
Event: 100.532 loading class sun/security/ssl/PostHandshakeContext done
Event: 100.532 loading class sun/security/ssl/NewSessionTicket$NewSessionTicketMessage
Event: 100.533 loading class sun/security/ssl/NewSessionTicket$NewSessionTicketMessage done
Event: 100.567 loading class org/gradle/api/internal/artifacts/ivyservice/ivyresolve/VersionInfo
Event: 100.567 loading class org/gradle/api/internal/artifacts/ivyservice/ivyresolve/VersionInfo done
Event: 100.683 Thread 0x0000012b5c567800 Thread added: 0x0000012b5c567800
Event: 100.869 loading class org/gradle/api/artifacts/component/ModuleComponentSelector
Event: 100.869 loading class org/gradle/api/artifacts/component/ModuleComponentSelector done
Event: 101.064 Executing VM operation: G1CollectForAllocation
Event: 101.072 Executing VM operation: G1CollectForAllocation done
Event: 101.259 Executing VM operation: G1CollectForAllocation
Event: 101.268 Executing VM operation: G1CollectForAllocation done
Event: 101.577 Executing VM operation: RevokeBias
Event: 101.578 Executing VM operation: RevokeBias done
Event: 101.578 Executing VM operation: RevokeBias
Event: 101.579 Executing VM operation: RevokeBias done
Event: 101.580 Executing VM operation: RevokeBias
Event: 101.581 Executing VM operation: RevokeBias done
Event: 101.615 Executing VM operation: G1CollectForAllocation
Event: 101.620 Executing VM operation: G1CollectForAllocation done


Dynamic libraries:
0x00007ff6353a0000 - 0x00007ff6353aa000 	C:\Program Files\Android\Android Studio\jre\bin\java.exe
0x00007ffdfcaf0000 - 0x00007ffdfcce5000 	C:\Windows\SYSTEM32\ntdll.dll
0x00007ffdfc2b0000 - 0x00007ffdfc36e000 	C:\Windows\System32\KERNEL32.DLL
0x00007ffdfa750000 - 0x00007ffdfaa18000 	C:\Windows\System32\KERNELBASE.dll
0x00007ffdfa200000 - 0x00007ffdfa300000 	C:\Windows\System32\ucrtbase.dll
0x00007ffdda900000 - 0x00007ffdda917000 	C:\Program Files\Android\Android Studio\jre\bin\VCRUNTIME140.dll
0x00007ffdd31a0000 - 0x00007ffdd31b9000 	C:\Program Files\Android\Android Studio\jre\bin\jli.dll
0x00007ffdfbb50000 - 0x00007ffdfbcf1000 	C:\Windows\System32\USER32.dll
0x00007ffde9b10000 - 0x00007ffde9daa000 	C:\Windows\WinSxS\amd64_microsoft.windows.common-controls_6595b64144ccf1df_6.0.19041.1110_none_60b5254171f9507e\COMCTL32.dll
0x00007ffdfa350000 - 0x00007ffdfa372000 	C:\Windows\System32\win32u.dll
0x00007ffdfc370000 - 0x00007ffdfc39b000 	C:\Windows\System32\GDI32.dll
0x00007ffdfac40000 - 0x00007ffdfacde000 	C:\Windows\System32\msvcrt.dll
0x00007ffdfa440000 - 0x00007ffdfa54d000 	C:\Windows\System32\gdi32full.dll
0x00007ffdfa550000 - 0x00007ffdfa5ed000 	C:\Windows\System32\msvcp_win.dll
0x00007ffdfc1a0000 - 0x00007ffdfc1d0000 	C:\Windows\System32\IMM32.DLL
0x00007ffdcf130000 - 0x00007ffdcf1cd000 	C:\Program Files\Android\Android Studio\jre\bin\msvcp140.dll
0x00007ffdce650000 - 0x00007ffdcf11f000 	C:\Program Files\Android\Android Studio\jre\bin\server\jvm.dll
0x00007ffdfc8d0000 - 0x00007ffdfc97c000 	C:\Windows\System32\ADVAPI32.dll
0x00007ffdfaee0000 - 0x00007ffdfaf7b000 	C:\Windows\System32\sechost.dll
0x00007ffdfbe20000 - 0x00007ffdfbf4a000 	C:\Windows\System32\RPCRT4.dll
0x00007ffdfadf0000 - 0x00007ffdfadf8000 	C:\Windows\System32\PSAPI.DLL
0x00007ffdf1bf0000 - 0x00007ffdf1bf9000 	C:\Windows\SYSTEM32\WSOCK32.dll
0x00007ffdef020000 - 0x00007ffdef02a000 	C:\Windows\SYSTEM32\VERSION.dll
0x00007ffde45d0000 - 0x00007ffde45f7000 	C:\Windows\SYSTEM32\WINMM.dll
0x00007ffdfc420000 - 0x00007ffdfc48b000 	C:\Windows\System32\WS2_32.dll
0x00007ffdf80f0000 - 0x00007ffdf8102000 	C:\Windows\SYSTEM32\kernel.appcore.dll
0x00007ffddcef0000 - 0x00007ffddcf01000 	C:\Program Files\Android\Android Studio\jre\bin\verify.dll
0x00007ffde6750000 - 0x00007ffde6934000 	C:\Windows\SYSTEM32\DBGHELP.DLL
0x00007ffde66e0000 - 0x00007ffde670c000 	C:\Windows\SYSTEM32\dbgcore.DLL
0x00007ffdfa380000 - 0x00007ffdfa402000 	C:\Windows\System32\bcryptPrimitives.dll
0x00007ffdd9fd0000 - 0x00007ffdd9ff9000 	C:\Program Files\Android\Android Studio\jre\bin\java.dll
0x00007ffde73d0000 - 0x00007ffde73db000 	C:\Program Files\Android\Android Studio\jre\bin\jimage.dll
0x00007ffddca70000 - 0x00007ffddca88000 	C:\Program Files\Android\Android Studio\jre\bin\zip.dll
0x00007ffdfaf80000 - 0x00007ffdfb6c4000 	C:\Windows\System32\SHELL32.dll
0x00007ffdf82f0000 - 0x00007ffdf8a84000 	C:\Windows\SYSTEM32\windows.storage.dll
0x00007ffdfc570000 - 0x00007ffdfc8c5000 	C:\Windows\System32\combase.dll
0x00007ffdf9c50000 - 0x00007ffdf9c7e000 	C:\Windows\SYSTEM32\Wldp.dll
0x00007ffdfab30000 - 0x00007ffdfabdd000 	C:\Windows\System32\SHCORE.dll
0x00007ffdfabe0000 - 0x00007ffdfac35000 	C:\Windows\System32\shlwapi.dll
0x00007ffdfa140000 - 0x00007ffdfa15f000 	C:\Windows\SYSTEM32\profapi.dll
0x00007ffddb3d0000 - 0x00007ffddb3ea000 	C:\Program Files\Android\Android Studio\jre\bin\net.dll
0x00007ffdf0830000 - 0x00007ffdf093c000 	C:\Windows\SYSTEM32\WINHTTP.dll
0x00007ffdf99b0000 - 0x00007ffdf9a1a000 	C:\Windows\system32\mswsock.dll
0x00007ffdd9cb0000 - 0x00007ffdd9cc4000 	C:\Program Files\Android\Android Studio\jre\bin\nio.dll
0x00007ffdd39e0000 - 0x00007ffdd3a07000 	C:\Users\PC\.gradle\native\fdc75f09e3144964f2cf3f50f0aa648679c211496f362492102eb8c894070792\windows-amd64\native-platform.dll
0x00007ffdcdf80000 - 0x00007ffdce116000 	C:\Users\PC\.gradle\native\12488b8bf47d2d4c9fbf2f6322a914ad602e24e48041cd04a747c6da556b65c4\windows-amd64\native-platform-file-events.dll
0x00007ffde7240000 - 0x00007ffde724a000 	C:\Program Files\Android\Android Studio\jre\bin\management.dll
0x00007ffde6df0000 - 0x00007ffde6dfc000 	C:\Program Files\Android\Android Studio\jre\bin\management_ext.dll
0x00007ffdf9bb0000 - 0x00007ffdf9bc8000 	C:\Windows\SYSTEM32\CRYPTSP.dll
0x00007ffdf92c0000 - 0x00007ffdf92f4000 	C:\Windows\system32\rsaenh.dll
0x00007ffdfa410000 - 0x00007ffdfa437000 	C:\Windows\System32\bcrypt.dll
0x00007ffdfa100000 - 0x00007ffdfa12e000 	C:\Windows\SYSTEM32\USERENV.dll
0x00007ffdf9ba0000 - 0x00007ffdf9bac000 	C:\Windows\SYSTEM32\CRYPTBASE.dll
0x00007ffdf9650000 - 0x00007ffdf968b000 	C:\Windows\SYSTEM32\IPHLPAPI.DLL
0x00007ffdfc2a0000 - 0x00007ffdfc2a8000 	C:\Windows\System32\NSI.dll
0x00007ffdf0070000 - 0x00007ffdf0087000 	C:\Windows\SYSTEM32\dhcpcsvc6.DLL
0x00007ffdef090000 - 0x00007ffdef0ad000 	C:\Windows\SYSTEM32\dhcpcsvc.DLL
0x00007ffdf96a0000 - 0x00007ffdf976b000 	C:\Windows\SYSTEM32\DNSAPI.dll
0x00007ffdf1c00000 - 0x00007ffdf1c0b000 	C:\Windows\SYSTEM32\WINNSI.DLL
0x00007ffdf8ef0000 - 0x00007ffdf8f23000 	C:\Windows\SYSTEM32\ntmarta.dll
0x00007ffdd51c0000 - 0x00007ffdd51e7000 	C:\Program Files\Android\Android Studio\jre\bin\sunec.dll
0x00007ffdf1d90000 - 0x00007ffdf1d9a000 	C:\Windows\System32\rasadhlp.dll
0x00007ffdea100000 - 0x00007ffdea17f000 	C:\Windows\System32\fwpuclnt.dll

dbghelp: loaded successfully - version: 4.0.5 - missing functions: none
symbol engine: initialized successfully - sym options: 0x614 - pdb path: .;C:\Program Files\Android\Android Studio\jre\bin;C:\Windows\SYSTEM32;C:\Windows\WinSxS\amd64_microsoft.windows.common-controls_6595b64144ccf1df_6.0.19041.1110_none_60b5254171f9507e;C:\Program Files\Android\Android Studio\jre\bin\server;C:\Users\PC\.gradle\native\fdc75f09e3144964f2cf3f50f0aa648679c211496f362492102eb8c894070792\windows-amd64;C:\Users\PC\.gradle\native\12488b8bf47d2d4c9fbf2f6322a914ad602e24e48041cd04a747c6da556b65c4\windows-amd64

VM Arguments:
jvm_args: --add-opens=java.base/java.util=ALL-UNNAMED --add-opens=java.base/java.lang=ALL-UNNAMED --add-opens=java.base/java.lang.invoke=ALL-UNNAMED --add-opens=java.prefs/java.util.prefs=ALL-UNNAMED -Xmx2048m -Dfile.encoding=UTF-8 -Duser.country=IN -Duser.language=en -Duser.variant 
java_command: org.gradle.launcher.daemon.bootstrap.GradleDaemon 6.7.1
java_class_path (initial): C:\Users\PC\.gradle\wrapper\dists\gradle-6.7.1-bin\bwlcbys1h7rz3272sye1xwiv6\gradle-6.7.1\lib\gradle-launcher-6.7.1.jar
Launcher Type: SUN_STANDARD

[Global flags]
     intx CICompilerCount                          = 3                                         {product} {ergonomic}
     uint ConcGCThreads                            = 1                                         {product} {ergonomic}
     uint G1ConcRefinementThreads                  = 4                                         {product} {ergonomic}
   size_t G1HeapRegionSize                         = 1048576                                   {product} {ergonomic}
    uintx GCDrainStackTargetSize                   = 64                                        {product} {ergonomic}
   size_t InitialHeapSize                          = 134217728                                 {product} {ergonomic}
   size_t MarkStackSize                            = 4194304                                   {product} {ergonomic}
   size_t MaxHeapSize                              = 2147483648                                {product} {command line}
   size_t MaxNewSize                               = 1287651328                                {product} {ergonomic}
   size_t MinHeapDeltaBytes                        = 1048576                                   {product} {ergonomic}
    uintx NonNMethodCodeHeapSize                   = 5830732                                {pd product} {ergonomic}
    uintx NonProfiledCodeHeapSize                  = 122913754                              {pd product} {ergonomic}
    uintx ProfiledCodeHeapSize                     = 122913754                              {pd product} {ergonomic}
    uintx ReservedCodeCacheSize                    = 251658240                              {pd product} {ergonomic}
     bool SegmentedCodeCache                       = true                                      {product} {ergonomic}
     bool UseCompressedClassPointers               = true                                 {lp64_product} {ergonomic}
     bool UseCompressedOops                        = true                                 {lp64_product} {ergonomic}
     bool UseG1GC                                  = true                                      {product} {ergonomic}
     bool UseLargePagesIndividualAllocation        = false                                  {pd product} {ergonomic}

Logging:
Log output configuration:
 #0: stdout all=warning uptime,level,tags
 #1: stderr all=off uptime,level,tags

Environment Variables:
PATH=C:\Program Files\Common Files\Oracle\Java\javapath;C:\Windows\system32;C:\Windows;C:\Windows\System32\Wbem;C:\Windows\System32\WindowsPowerShell\v1.0\;C:\Windows\System32\OpenSSH\;C:\Program Files\Java\jdk-17.0.1\bin;C:\Users\PC\AppData\Local\Microsoft\WindowsApps;C:\Program Files\Java\jdk-17.0.1\bin;
USERNAME=PC
OS=Windows_NT
PROCESSOR_IDENTIFIER=Intel64 Family 6 Model 61 Stepping 4, GenuineIntel



---------------  S Y S T E M  ---------------

OS: Windows 10 , 64 bit Build 19041 (10.0.19041.1348)
OS uptime: 1 days 22:00 hours

CPU:total 4 (initial active 4) (2 cores per cpu, 2 threads per core) family 6 model 61 stepping 4 microcode 0x2d, cmov, cx8, fxsr, mmx, sse, sse2, sse3, ssse3, sse4.1, sse4.2, popcnt, avx, avx2, aes, clmul, erms, 3dnowpref, lzcnt, ht, tsc, tscinvbit, bmi1, bmi2, adx, fma

Memory: 4k page, system-wide physical 8106M (2639M free)
TotalPageFile size 9386M (AvailPageFile size 3507M)
current process WorkingSet (physical memory assigned to process): 434M, peak: 443M
current process commit charge ("private bytes"): 470M, peak: 478M

vm_info: OpenJDK 64-Bit Server VM (11.0.10+0-b96-7249189) for windows-amd64 JRE (11.0.10+0-b96-7249189), built on Mar 31 2021 21:44:00 by "builder" with MS VC++ 14.0 (VS2015)

END.
